[debug] [2022-05-11T20:36:35.450Z] ----------------------------------------------------------------------
[debug] [2022-05-11T20:36:35.451Z] Command:       C:\Program Files\nodejs\node.exe C:\Users\sintin\AppData\Roaming\npm\node_modules\firebase-tools\lib\bin\firebase.js deploy --only functions
[debug] [2022-05-11T20:36:35.451Z] CLI Version:   10.9.1
[debug] [2022-05-11T20:36:35.452Z] Platform:      win32
[debug] [2022-05-11T20:36:35.452Z] Node Version:  v14.15.4
[debug] [2022-05-11T20:36:35.453Z] Time:          Thu May 12 2022 02:06:35 GMT+0530 (India Standard Time)
[debug] [2022-05-11T20:36:35.453Z] ----------------------------------------------------------------------
[debug] 
[debug] [2022-05-11T20:36:35.509Z] > command requires scopes: ["email","openid","https://www.googleapis.com/auth/cloudplatformprojects.readonly","https://www.googleapis.com/auth/firebase","https://www.googleapis.com/auth/cloud-platform"]
[debug] [2022-05-11T20:36:35.510Z] > authorizing via signed-in user (tinkukalluri19859@gmail.com)
[debug] [2022-05-11T20:36:35.510Z] [iam] checking project fir-project-96325 for permissions ["cloudfunctions.functions.create","cloudfunctions.functions.delete","cloudfunctions.functions.get","cloudfunctions.functions.list","cloudfunctions.functions.update","cloudfunctions.operations.get","firebase.projects.get"]
[debug] [2022-05-11T20:36:35.511Z] >>> [apiv2][query] POST https://cloudresourcemanager.googleapis.com/v1/projects/fir-project-96325:testIamPermissions [none]
[debug] [2022-05-11T20:36:35.511Z] >>> [apiv2][body] POST https://cloudresourcemanager.googleapis.com/v1/projects/fir-project-96325:testIamPermissions {"permissions":["cloudfunctions.functions.create","cloudfunctions.functions.delete","cloudfunctions.functions.get","cloudfunctions.functions.list","cloudfunctions.functions.update","cloudfunctions.operations.get","firebase.projects.get"]}
[debug] [2022-05-11T20:36:36.969Z] <<< [apiv2][status] POST https://cloudresourcemanager.googleapis.com/v1/projects/fir-project-96325:testIamPermissions 200
[debug] [2022-05-11T20:36:36.969Z] <<< [apiv2][body] POST https://cloudresourcemanager.googleapis.com/v1/projects/fir-project-96325:testIamPermissions {"permissions":["cloudfunctions.functions.create","cloudfunctions.functions.delete","cloudfunctions.functions.get","cloudfunctions.functions.list","cloudfunctions.functions.update","cloudfunctions.operations.get","firebase.projects.get"]}
[debug] [2022-05-11T20:36:36.970Z] >>> [apiv2][query] POST https://iam.googleapis.com/v1/projects/fir-project-96325/serviceAccounts/fir-project-96325@appspot.gserviceaccount.com:testIamPermissions [none]
[debug] [2022-05-11T20:36:36.970Z] >>> [apiv2][body] POST https://iam.googleapis.com/v1/projects/fir-project-96325/serviceAccounts/fir-project-96325@appspot.gserviceaccount.com:testIamPermissions {"permissions":["iam.serviceAccounts.actAs"]}
[debug] [2022-05-11T20:36:38.601Z] <<< [apiv2][status] POST https://iam.googleapis.com/v1/projects/fir-project-96325/serviceAccounts/fir-project-96325@appspot.gserviceaccount.com:testIamPermissions 200
[debug] [2022-05-11T20:36:38.601Z] <<< [apiv2][body] POST https://iam.googleapis.com/v1/projects/fir-project-96325/serviceAccounts/fir-project-96325@appspot.gserviceaccount.com:testIamPermissions {"permissions":["iam.serviceAccounts.actAs"]}
[info] 
[info] === Deploying to 'fir-project-96325'...
[info] 
[info] i  deploying functions 
[debug] [2022-05-11T20:36:38.607Z] >>> [apiv2][query] GET https://firebase.googleapis.com/v1beta1/projects/fir-project-96325 [none]
[debug] [2022-05-11T20:36:39.318Z] <<< [apiv2][status] GET https://firebase.googleapis.com/v1beta1/projects/fir-project-96325 200
[debug] [2022-05-11T20:36:39.318Z] <<< [apiv2][body] GET https://firebase.googleapis.com/v1beta1/projects/fir-project-96325 {"projectId":"fir-project-96325","projectNumber":"141188316365","displayName":"firebase-project","name":"projects/fir-project-96325","resources":{"hostingSite":"fir-project-96325","storageBucket":"fir-project-96325.appspot.com","locationId":"us-central"},"state":"ACTIVE"}
[info] i  functions: ensuring required API cloudfunctions.googleapis.com is enabled... 
[info] i  functions: ensuring required API cloudbuild.googleapis.com is enabled... 
[debug] [2022-05-11T20:36:39.320Z] >>> [apiv2][query] GET https://serviceusage.googleapis.com/v1/projects/fir-project-96325/services/cloudfunctions.googleapis.com [none]
[debug] [2022-05-11T20:36:39.321Z] >>> [apiv2][query] GET https://serviceusage.googleapis.com/v1/projects/fir-project-96325/services/runtimeconfig.googleapis.com [none]
[debug] [2022-05-11T20:36:39.322Z] >>> [apiv2][query] GET https://serviceusage.googleapis.com/v1/projects/fir-project-96325/services/cloudbuild.googleapis.com [none]
[debug] [2022-05-11T20:36:39.323Z] >>> [apiv2][query] GET https://serviceusage.googleapis.com/v1/projects/fir-project-96325/services/artifactregistry.googleapis.com [none]
[debug] [2022-05-11T20:36:41.269Z] <<< [apiv2][status] GET https://serviceusage.googleapis.com/v1/projects/fir-project-96325/services/runtimeconfig.googleapis.com 200
[debug] [2022-05-11T20:36:41.269Z] <<< [apiv2][body] GET https://serviceusage.googleapis.com/v1/projects/fir-project-96325/services/runtimeconfig.googleapis.com [omitted]
[debug] [2022-05-11T20:36:41.270Z] <<< [apiv2][status] GET https://serviceusage.googleapis.com/v1/projects/fir-project-96325/services/cloudbuild.googleapis.com 200
[debug] [2022-05-11T20:36:41.271Z] <<< [apiv2][body] GET https://serviceusage.googleapis.com/v1/projects/fir-project-96325/services/cloudbuild.googleapis.com [omitted]
[info] +  functions: required API cloudbuild.googleapis.com is enabled 
[debug] [2022-05-11T20:36:41.272Z] <<< [apiv2][status] GET https://serviceusage.googleapis.com/v1/projects/fir-project-96325/services/cloudfunctions.googleapis.com 200
[debug] [2022-05-11T20:36:41.272Z] <<< [apiv2][body] GET https://serviceusage.googleapis.com/v1/projects/fir-project-96325/services/cloudfunctions.googleapis.com [omitted]
[info] +  functions: required API cloudfunctions.googleapis.com is enabled 
[debug] [2022-05-11T20:36:41.273Z] <<< [apiv2][status] GET https://serviceusage.googleapis.com/v1/projects/fir-project-96325/services/artifactregistry.googleapis.com 200
[debug] [2022-05-11T20:36:41.273Z] <<< [apiv2][body] GET https://serviceusage.googleapis.com/v1/projects/fir-project-96325/services/artifactregistry.googleapis.com [omitted]
[debug] [2022-05-11T20:36:41.274Z] >>> [apiv2][query] GET https://firebase.googleapis.com/v1beta1/projects/fir-project-96325/adminSdkConfig [none]
[debug] [2022-05-11T20:36:41.775Z] <<< [apiv2][status] GET https://firebase.googleapis.com/v1beta1/projects/fir-project-96325/adminSdkConfig 200
[debug] [2022-05-11T20:36:41.775Z] <<< [apiv2][body] GET https://firebase.googleapis.com/v1beta1/projects/fir-project-96325/adminSdkConfig {"projectId":"fir-project-96325","storageBucket":"fir-project-96325.appspot.com","locationId":"us-central"}
[debug] [2022-05-11T20:36:41.775Z] >>> [apiv2][query] GET https://runtimeconfig.googleapis.com/v1beta1/projects/fir-project-96325/configs [none]
[debug] [2022-05-11T20:36:42.304Z] <<< [apiv2][status] GET https://runtimeconfig.googleapis.com/v1beta1/projects/fir-project-96325/configs 200
[debug] [2022-05-11T20:36:42.304Z] <<< [apiv2][body] GET https://runtimeconfig.googleapis.com/v1beta1/projects/fir-project-96325/configs {}
[info] i  functions: preparing codebase default for deployment 
[debug] [2022-05-11T20:36:42.306Z] Validating nodejs source
[debug] [2022-05-11T20:36:45.827Z] > [functions] package.json contents: {
  "name": "functions",
  "description": "Cloud Functions for Firebase",
  "scripts": {
    "serve": "firebase emulators:start --only functions",
    "shell": "firebase functions:shell",
    "start": "npm run shell",
    "deploy": "firebase deploy --only functions",
    "logs": "firebase functions:log"
  },
  "engines": {
    "node": "16"
  },
  "main": "index.js",
  "dependencies": {
    "firebase-admin": "^10.0.2",
    "firebase-functions": "^3.18.0"
  },
  "devDependencies": {
    "firebase-functions-test": "^0.2.0"
  },
  "private": true
}
[debug] [2022-05-11T20:36:45.827Z] Building nodejs source
[debug] [2022-05-11T20:36:45.828Z] Analyzing nodejs backend spec
[debug] [2022-05-11T20:36:45.829Z] Could not find functions.yaml. Must use http discovery
[debug] [2022-05-11T20:36:46.231Z] Serving at port 9005

[debug] [2022-05-11T20:36:46.344Z] Got response from /__/functions.yaml {"endpoints":{"addMessage":{"platform":"gcfv1","httpsTrigger":{},"entryPoint":"addMessage"},"makeUppercase":{"platform":"gcfv1","eventTrigger":{"eventType":"providers/cloud.firestore/eventTypes/document.create","eventFilters":{"resource":"projects/fir-project-96325/databases/(default)/documents/messages/{documentId}"},"retry":false},"labels":{},"entryPoint":"makeUppercase"}},"specVersion":"v1alpha1","requiredAPIs":[]}
[debug] [2022-05-11T20:36:46.353Z] shutdown requested via /__/quitquitquit

[info] i  functions: preparing functions directory for uploading... 
[info] i  functions: packaged C:\Users\sintin\Desktop\Projects_3\firebase_project\functions (25.6 KB) for uploading 
[debug] [2022-05-11T20:36:46.420Z] >>> [apiv2][query] GET https://cloudfunctions.googleapis.com/v1/projects/fir-project-96325/locations/-/functions [none]
[debug] [2022-05-11T20:36:47.308Z] <<< [apiv2][status] GET https://cloudfunctions.googleapis.com/v1/projects/fir-project-96325/locations/-/functions 200
[debug] [2022-05-11T20:36:47.308Z] <<< [apiv2][body] GET https://cloudfunctions.googleapis.com/v1/projects/fir-project-96325/locations/-/functions {"functions":[{"name":"projects/fir-project-96325/locations/us-central1/functions/addMessage","httpsTrigger":{"url":"https://us-central1-fir-project-96325.cloudfunctions.net/addMessage","securityLevel":"SECURE_ALWAYS"},"status":"ACTIVE","entryPoint":"addMessage","timeout":"60s","availableMemoryMb":256,"serviceAccountEmail":"fir-project-96325@appspot.gserviceaccount.com","updateTime":"2022-05-11T20:15:28.881Z","versionId":"1","labels":{"deployment-tool":"cli-firebase"},"sourceUploadUrl":"https://storage.googleapis.com/uploads-9885338523.us-central1.cloudfunctions.appspot.com/5873d00b-0405-4415-be41-9a0f09f07a7f.zip","environmentVariables":{"FIREBASE_CONFIG":"{\"projectId\":\"fir-project-96325\",\"storageBucket\":\"fir-project-96325.appspot.com\",\"locationId\":\"us-central\"}","GCLOUD_PROJECT":"fir-project-96325"},"runtime":"nodejs16","ingressSettings":"ALLOW_ALL","buildId":"6dc90cdf-e710-4d7f-a57b-d972d909c8d4","buildName":"projects/141188316365/locations/us-central1/builds/6dc90cdf-e710-4d7f-a57b-d972d909c8d4","dockerRegistry":"CONTAINER_REGISTRY"}]}
[debug] [2022-05-11T20:36:47.309Z] >>> [apiv2][query] GET https://cloudfunctions.googleapis.com/v2alpha/projects/fir-project-96325/locations/-/functions [none]
[debug] [2022-05-11T20:36:49.037Z] <<< [apiv2][status] GET https://cloudfunctions.googleapis.com/v2alpha/projects/fir-project-96325/locations/-/functions 200
[debug] [2022-05-11T20:36:49.037Z] <<< [apiv2][body] GET https://cloudfunctions.googleapis.com/v2alpha/projects/fir-project-96325/locations/-/functions {}
[debug] [2022-05-11T20:36:49.043Z] >>> [apiv2][query] GET https://firebase.googleapis.com/v1beta1/projects/fir-project-96325 [none]
[debug] [2022-05-11T20:36:49.768Z] <<< [apiv2][status] GET https://firebase.googleapis.com/v1beta1/projects/fir-project-96325 200
[debug] [2022-05-11T20:36:49.768Z] <<< [apiv2][body] GET https://firebase.googleapis.com/v1beta1/projects/fir-project-96325 {"projectId":"fir-project-96325","projectNumber":"141188316365","displayName":"firebase-project","name":"projects/fir-project-96325","resources":{"hostingSite":"fir-project-96325","storageBucket":"fir-project-96325.appspot.com","locationId":"us-central"},"state":"ACTIVE"}
[debug] [2022-05-11T20:36:49.768Z] >>> [apiv2][query] GET https://firebase.googleapis.com/v1beta1/projects/fir-project-96325 [none]
[debug] [2022-05-11T20:36:50.483Z] <<< [apiv2][status] GET https://firebase.googleapis.com/v1beta1/projects/fir-project-96325 200
[debug] [2022-05-11T20:36:50.483Z] <<< [apiv2][body] GET https://firebase.googleapis.com/v1beta1/projects/fir-project-96325 {"projectId":"fir-project-96325","projectNumber":"141188316365","displayName":"firebase-project","name":"projects/fir-project-96325","resources":{"hostingSite":"fir-project-96325","storageBucket":"fir-project-96325.appspot.com","locationId":"us-central"},"state":"ACTIVE"}
[debug] [2022-05-11T20:36:50.484Z] >>> [apiv2][query] POST https://cloudfunctions.googleapis.com/v1/projects/fir-project-96325/locations/us-central1/functions:generateUploadUrl [none]
[debug] [2022-05-11T20:36:50.484Z] >>> [apiv2][body] POST https://cloudfunctions.googleapis.com/v1/projects/fir-project-96325/locations/us-central1/functions:generateUploadUrl {}
[debug] [2022-05-11T20:36:51.504Z] <<< [apiv2][status] POST https://cloudfunctions.googleapis.com/v1/projects/fir-project-96325/locations/us-central1/functions:generateUploadUrl 200
[debug] [2022-05-11T20:36:51.504Z] <<< [apiv2][body] POST https://cloudfunctions.googleapis.com/v1/projects/fir-project-96325/locations/us-central1/functions:generateUploadUrl {"uploadUrl":"https://storage.googleapis.com/uploads-9885338523.us-central1.cloudfunctions.appspot.com/0939c704-596e-4a5b-9c5a-2b59e5e25ff3.zip?GoogleAccessId=service-141188316365@gcf-admin-robot.iam.gserviceaccount.com&Expires=1652303211&Signature=LRlykwINn%2Fo1plp05I5ShqJLE%2BwFklRYn5gbOVs36cs%2Be1saeM%2Fr7FtxV%2FwAAQiEw5UzhAFsoBawDoOrgVos0tTIAKUHxKa4YW8hoe1VCYm2bM4F030oBzjdLO3P0e1QtS0evgs4Z4xI0a494lxKepscrgbVHk3sOboi7%2FuaobJw6dJFnkg56k8GlSAOeQFPw57gPEcbMGNIqpA9D5n3evKGuPUGIQnRcBoc99au9FY4MkeD3IzNWg26cipXgnvbjJi8hh8cnTeVQMv%2BqG81qT9rTYKn8eHMkfv5HFJgdV2Nb%2F%2BgyJcww1%2BA7rwjBI%2Fv0GJDK4Y3z8JbMYFwD5ArwA%3D%3D"}
[debug] [2022-05-11T20:36:51.506Z] >>> [apiv2][query] PUT https://storage.googleapis.com/uploads-9885338523.us-central1.cloudfunctions.appspot.com/0939c704-596e-4a5b-9c5a-2b59e5e25ff3.zip GoogleAccessId=service-141188316365%40gcf-admin-robot.iam.gserviceaccount.com&Expires=1652303211&Signature=LRlykwINn%2Fo1plp05I5ShqJLE%2BwFklRYn5gbOVs36cs%2Be1saeM%2Fr7FtxV%2FwAAQiEw5UzhAFsoBawDoOrgVos0tTIAKUHxKa4YW8hoe1VCYm2bM4F030oBzjdLO3P0e1QtS0evgs4Z4xI0a494lxKepscrgbVHk3sOboi7%2FuaobJw6dJFnkg56k8GlSAOeQFPw57gPEcbMGNIqpA9D5n3evKGuPUGIQnRcBoc99au9FY4MkeD3IzNWg26cipXgnvbjJi8hh8cnTeVQMv%2BqG81qT9rTYKn8eHMkfv5HFJgdV2Nb%2F%2BgyJcww1%2BA7rwjBI%2Fv0GJDK4Y3z8JbMYFwD5ArwA%3D%3D
[debug] [2022-05-11T20:36:51.506Z] >>> [apiv2][body] PUT https://storage.googleapis.com/uploads-9885338523.us-central1.cloudfunctions.appspot.com/0939c704-596e-4a5b-9c5a-2b59e5e25ff3.zip [stream]
[debug] [2022-05-11T20:36:52.015Z] <<< [apiv2][status] PUT https://storage.googleapis.com/uploads-9885338523.us-central1.cloudfunctions.appspot.com/0939c704-596e-4a5b-9c5a-2b59e5e25ff3.zip 200
[debug] [2022-05-11T20:36:52.015Z] <<< [apiv2][body] PUT https://storage.googleapis.com/uploads-9885338523.us-central1.cloudfunctions.appspot.com/0939c704-596e-4a5b-9c5a-2b59e5e25ff3.zip [omitted]
[info] +  functions: functions folder uploaded successfully 
[info] i  functions: creating Node.js 16 function makeUppercase(us-central1)... 
[info] i  functions: updating Node.js 16 function addMessage(us-central1)... 
[debug] [2022-05-11T20:36:52.033Z] >>> [apiv2][query] POST https://cloudfunctions.googleapis.com/v1/projects/fir-project-96325/locations/us-central1/functions [none]
[debug] [2022-05-11T20:36:52.033Z] >>> [apiv2][body] POST https://cloudfunctions.googleapis.com/v1/projects/fir-project-96325/locations/us-central1/functions {"name":"projects/fir-project-96325/locations/us-central1/functions/makeUppercase","sourceUploadUrl":"https://storage.googleapis.com/uploads-9885338523.us-central1.cloudfunctions.appspot.com/0939c704-596e-4a5b-9c5a-2b59e5e25ff3.zip?GoogleAccessId=service-141188316365@gcf-admin-robot.iam.gserviceaccount.com&Expires=1652303211&Signature=LRlykwINn%2Fo1plp05I5ShqJLE%2BwFklRYn5gbOVs36cs%2Be1saeM%2Fr7FtxV%2FwAAQiEw5UzhAFsoBawDoOrgVos0tTIAKUHxKa4YW8hoe1VCYm2bM4F030oBzjdLO3P0e1QtS0evgs4Z4xI0a494lxKepscrgbVHk3sOboi7%2FuaobJw6dJFnkg56k8GlSAOeQFPw57gPEcbMGNIqpA9D5n3evKGuPUGIQnRcBoc99au9FY4MkeD3IzNWg26cipXgnvbjJi8hh8cnTeVQMv%2BqG81qT9rTYKn8eHMkfv5HFJgdV2Nb%2F%2BgyJcww1%2BA7rwjBI%2Fv0GJDK4Y3z8JbMYFwD5ArwA%3D%3D","entryPoint":"makeUppercase","runtime":"nodejs16","labels":{"deployment-tool":"cli-firebase"},"eventTrigger":{"eventType":"providers/cloud.firestore/eventTypes/document.create","resource":"projects/fir-project-96325/databases/(default)/documents/messages/{documentId}"},"environmentVariables":{"FIREBASE_CONFIG":"{\"projectId\":\"fir-project-96325\",\"storageBucket\":\"fir-project-96325.appspot.com\",\"locationId\":\"us-central\"}","GCLOUD_PROJECT":"fir-project-96325"}}
[debug] [2022-05-11T20:36:52.035Z] >>> [apiv2][query] PATCH https://cloudfunctions.googleapis.com/v1/projects/fir-project-96325/locations/us-central1/functions/addMessage updateMask=name%2CsourceUploadUrl%2CentryPoint%2Cruntime%2Clabels%2ChttpsTrigger.securityLevel%2CavailableMemoryMb%2CenvironmentVariables%2CsourceToken
[debug] [2022-05-11T20:36:52.035Z] >>> [apiv2][body] PATCH https://cloudfunctions.googleapis.com/v1/projects/fir-project-96325/locations/us-central1/functions/addMessage {"name":"projects/fir-project-96325/locations/us-central1/functions/addMessage","sourceUploadUrl":"https://storage.googleapis.com/uploads-9885338523.us-central1.cloudfunctions.appspot.com/0939c704-596e-4a5b-9c5a-2b59e5e25ff3.zip?GoogleAccessId=service-141188316365@gcf-admin-robot.iam.gserviceaccount.com&Expires=1652303211&Signature=LRlykwINn%2Fo1plp05I5ShqJLE%2BwFklRYn5gbOVs36cs%2Be1saeM%2Fr7FtxV%2FwAAQiEw5UzhAFsoBawDoOrgVos0tTIAKUHxKa4YW8hoe1VCYm2bM4F030oBzjdLO3P0e1QtS0evgs4Z4xI0a494lxKepscrgbVHk3sOboi7%2FuaobJw6dJFnkg56k8GlSAOeQFPw57gPEcbMGNIqpA9D5n3evKGuPUGIQnRcBoc99au9FY4MkeD3IzNWg26cipXgnvbjJi8hh8cnTeVQMv%2BqG81qT9rTYKn8eHMkfv5HFJgdV2Nb%2F%2BgyJcww1%2BA7rwjBI%2Fv0GJDK4Y3z8JbMYFwD5ArwA%3D%3D","entryPoint":"addMessage","runtime":"nodejs16","labels":{"deployment-tool":"cli-firebase"},"httpsTrigger":{"securityLevel":"SECURE_ALWAYS"},"availableMemoryMb":256,"environmentVariables":{"FIREBASE_CONFIG":"{\"projectId\":\"fir-project-96325\",\"storageBucket\":\"fir-project-96325.appspot.com\",\"locationId\":\"us-central\"}","GCLOUD_PROJECT":"fir-project-96325"}}
[debug] [2022-05-11T20:36:52.844Z] <<< [apiv2][status] PATCH https://cloudfunctions.googleapis.com/v1/projects/fir-project-96325/locations/us-central1/functions/addMessage 200
[debug] [2022-05-11T20:36:52.844Z] <<< [apiv2][body] PATCH https://cloudfunctions.googleapis.com/v1/projects/fir-project-96325/locations/us-central1/functions/addMessage {"name":"operations/ZmlyLXByb2plY3QtOTYzMjUvdXMtY2VudHJhbDEvYWRkTWVzc2FnZS81YlRYWmZsdER5cw","metadata":{"@type":"type.googleapis.com/google.cloud.functions.v1.OperationMetadataV1","target":"projects/fir-project-96325/locations/us-central1/functions/addMessage","type":"UPDATE_FUNCTION","request":{"@type":"type.googleapis.com/google.cloud.functions.v1.CloudFunction","name":"projects/fir-project-96325/locations/us-central1/functions/addMessage","httpsTrigger":{"url":"https://us-central1-fir-project-96325.cloudfunctions.net/addMessage","securityLevel":"SECURE_ALWAYS"},"status":"ACTIVE","entryPoint":"addMessage","timeout":"60s","availableMemoryMb":256,"serviceAccountEmail":"fir-project-96325@appspot.gserviceaccount.com","updateTime":"2022-05-11T20:15:28.881Z","versionId":"1","labels":{"deployment-tool":"cli-firebase"},"sourceUploadUrl":"https://storage.googleapis.com/uploads-9885338523.us-central1.cloudfunctions.appspot.com/0939c704-596e-4a5b-9c5a-2b59e5e25ff3.zip?GoogleAccessId=service-141188316365@gcf-admin-robot.iam.gserviceaccount.com&Expires=1652303211&Signature=LRlykwINn%2Fo1plp05I5ShqJLE%2BwFklRYn5gbOVs36cs%2Be1saeM%2Fr7FtxV%2FwAAQiEw5UzhAFsoBawDoOrgVos0tTIAKUHxKa4YW8hoe1VCYm2bM4F030oBzjdLO3P0e1QtS0evgs4Z4xI0a494lxKepscrgbVHk3sOboi7%2FuaobJw6dJFnkg56k8GlSAOeQFPw57gPEcbMGNIqpA9D5n3evKGuPUGIQnRcBoc99au9FY4MkeD3IzNWg26cipXgnvbjJi8hh8cnTeVQMv%2BqG81qT9rTYKn8eHMkfv5HFJgdV2Nb%2F%2BgyJcww1%2BA7rwjBI%2Fv0GJDK4Y3z8JbMYFwD5ArwA%3D%3D","environmentVariables":{"FIREBASE_CONFIG":"{\"projectId\":\"fir-project-96325\",\"storageBucket\":\"fir-project-96325.appspot.com\",\"locationId\":\"us-central\"}","GCLOUD_PROJECT":"fir-project-96325"},"runtime":"nodejs16","ingressSettings":"ALLOW_ALL","buildId":"6dc90cdf-e710-4d7f-a57b-d972d909c8d4","buildName":"projects/141188316365/locations/us-central1/builds/6dc90cdf-e710-4d7f-a57b-d972d909c8d4","dockerRegistry":"CONTAINER_REGISTRY"},"versionId":"2","updateTime":"2022-05-11T20:36:52Z"}}
[debug] [2022-05-11T20:36:52.845Z] >>> [apiv2][query] GET https://cloudfunctions.googleapis.com/v1/operations/ZmlyLXByb2plY3QtOTYzMjUvdXMtY2VudHJhbDEvYWRkTWVzc2FnZS81YlRYWmZsdER5cw [none]
[debug] [2022-05-11T20:36:52.870Z] <<< [apiv2][status] POST https://cloudfunctions.googleapis.com/v1/projects/fir-project-96325/locations/us-central1/functions 200
[debug] [2022-05-11T20:36:52.870Z] <<< [apiv2][body] POST https://cloudfunctions.googleapis.com/v1/projects/fir-project-96325/locations/us-central1/functions {"name":"operations/ZmlyLXByb2plY3QtOTYzMjUvdXMtY2VudHJhbDEvbWFrZVVwcGVyY2FzZS9rcnByZnFWSzAxbw","metadata":{"@type":"type.googleapis.com/google.cloud.functions.v1.OperationMetadataV1","target":"projects/fir-project-96325/locations/us-central1/functions/makeUppercase","type":"CREATE_FUNCTION","request":{"@type":"type.googleapis.com/google.cloud.functions.v1.CloudFunction","name":"projects/fir-project-96325/locations/us-central1/functions/makeUppercase","eventTrigger":{"eventType":"providers/cloud.firestore/eventTypes/document.create","resource":"projects/fir-project-96325/databases/(default)/documents/messages/{documentId}"},"entryPoint":"makeUppercase","labels":{"deployment-tool":"cli-firebase"},"sourceUploadUrl":"https://storage.googleapis.com/uploads-9885338523.us-central1.cloudfunctions.appspot.com/0939c704-596e-4a5b-9c5a-2b59e5e25ff3.zip?GoogleAccessId=service-141188316365@gcf-admin-robot.iam.gserviceaccount.com&Expires=1652303211&Signature=LRlykwINn%2Fo1plp05I5ShqJLE%2BwFklRYn5gbOVs36cs%2Be1saeM%2Fr7FtxV%2FwAAQiEw5UzhAFsoBawDoOrgVos0tTIAKUHxKa4YW8hoe1VCYm2bM4F030oBzjdLO3P0e1QtS0evgs4Z4xI0a494lxKepscrgbVHk3sOboi7%2FuaobJw6dJFnkg56k8GlSAOeQFPw57gPEcbMGNIqpA9D5n3evKGuPUGIQnRcBoc99au9FY4MkeD3IzNWg26cipXgnvbjJi8hh8cnTeVQMv%2BqG81qT9rTYKn8eHMkfv5HFJgdV2Nb%2F%2BgyJcww1%2BA7rwjBI%2Fv0GJDK4Y3z8JbMYFwD5ArwA%3D%3D","environmentVariables":{"FIREBASE_CONFIG":"{\"projectId\":\"fir-project-96325\",\"storageBucket\":\"fir-project-96325.appspot.com\",\"locationId\":\"us-central\"}","GCLOUD_PROJECT":"fir-project-96325"},"runtime":"nodejs16"},"versionId":"1","updateTime":"2022-05-11T20:36:52Z"}}
[debug] [2022-05-11T20:36:52.870Z] >>> [apiv2][query] GET https://cloudfunctions.googleapis.com/v1/operations/ZmlyLXByb2plY3QtOTYzMjUvdXMtY2VudHJhbDEvbWFrZVVwcGVyY2FzZS9rcnByZnFWSzAxbw [none]
[debug] [2022-05-11T20:36:53.451Z] <<< [apiv2][status] GET https://cloudfunctions.googleapis.com/v1/operations/ZmlyLXByb2plY3QtOTYzMjUvdXMtY2VudHJhbDEvYWRkTWVzc2FnZS81YlRYWmZsdER5cw 200
[debug] [2022-05-11T20:36:53.451Z] <<< [apiv2][body] GET https://cloudfunctions.googleapis.com/v1/operations/ZmlyLXByb2plY3QtOTYzMjUvdXMtY2VudHJhbDEvYWRkTWVzc2FnZS81YlRYWmZsdER5cw {"name":"operations/ZmlyLXByb2plY3QtOTYzMjUvdXMtY2VudHJhbDEvYWRkTWVzc2FnZS81YlRYWmZsdER5cw","metadata":{"@type":"type.googleapis.com/google.cloud.functions.v1.OperationMetadataV1","target":"projects/fir-project-96325/locations/us-central1/functions/addMessage","type":"UPDATE_FUNCTION","request":{"@type":"type.googleapis.com/google.cloud.functions.v1.CloudFunction","name":"projects/fir-project-96325/locations/us-central1/functions/addMessage","httpsTrigger":{"url":"https://us-central1-fir-project-96325.cloudfunctions.net/addMessage","securityLevel":"SECURE_ALWAYS"},"status":"ACTIVE","entryPoint":"addMessage","timeout":"60s","availableMemoryMb":256,"serviceAccountEmail":"fir-project-96325@appspot.gserviceaccount.com","updateTime":"2022-05-11T20:15:28.881Z","versionId":"1","labels":{"deployment-tool":"cli-firebase"},"sourceUploadUrl":"https://storage.googleapis.com/uploads-9885338523.us-central1.cloudfunctions.appspot.com/0939c704-596e-4a5b-9c5a-2b59e5e25ff3.zip?GoogleAccessId=service-141188316365@gcf-admin-robot.iam.gserviceaccount.com&Expires=1652303211&Signature=LRlykwINn%2Fo1plp05I5ShqJLE%2BwFklRYn5gbOVs36cs%2Be1saeM%2Fr7FtxV%2FwAAQiEw5UzhAFsoBawDoOrgVos0tTIAKUHxKa4YW8hoe1VCYm2bM4F030oBzjdLO3P0e1QtS0evgs4Z4xI0a494lxKepscrgbVHk3sOboi7%2FuaobJw6dJFnkg56k8GlSAOeQFPw57gPEcbMGNIqpA9D5n3evKGuPUGIQnRcBoc99au9FY4MkeD3IzNWg26cipXgnvbjJi8hh8cnTeVQMv%2BqG81qT9rTYKn8eHMkfv5HFJgdV2Nb%2F%2BgyJcww1%2BA7rwjBI%2Fv0GJDK4Y3z8JbMYFwD5ArwA%3D%3D","environmentVariables":{"FIREBASE_CONFIG":"{\"projectId\":\"fir-project-96325\",\"storageBucket\":\"fir-project-96325.appspot.com\",\"locationId\":\"us-central\"}","GCLOUD_PROJECT":"fir-project-96325"},"runtime":"nodejs16","ingressSettings":"ALLOW_ALL","buildId":"6dc90cdf-e710-4d7f-a57b-d972d909c8d4","buildName":"projects/141188316365/locations/us-central1/builds/6dc90cdf-e710-4d7f-a57b-d972d909c8d4","dockerRegistry":"CONTAINER_REGISTRY"},"versionId":"2","updateTime":"2022-05-11T20:36:52Z"}}
[debug] [2022-05-11T20:36:53.483Z] <<< [apiv2][status] GET https://cloudfunctions.googleapis.com/v1/operations/ZmlyLXByb2plY3QtOTYzMjUvdXMtY2VudHJhbDEvbWFrZVVwcGVyY2FzZS9rcnByZnFWSzAxbw 200
[debug] [2022-05-11T20:36:53.484Z] <<< [apiv2][body] GET https://cloudfunctions.googleapis.com/v1/operations/ZmlyLXByb2plY3QtOTYzMjUvdXMtY2VudHJhbDEvbWFrZVVwcGVyY2FzZS9rcnByZnFWSzAxbw {"name":"operations/ZmlyLXByb2plY3QtOTYzMjUvdXMtY2VudHJhbDEvbWFrZVVwcGVyY2FzZS9rcnByZnFWSzAxbw","metadata":{"@type":"type.googleapis.com/google.cloud.functions.v1.OperationMetadataV1","target":"projects/fir-project-96325/locations/us-central1/functions/makeUppercase","type":"CREATE_FUNCTION","request":{"@type":"type.googleapis.com/google.cloud.functions.v1.CloudFunction","name":"projects/fir-project-96325/locations/us-central1/functions/makeUppercase","eventTrigger":{"eventType":"providers/cloud.firestore/eventTypes/document.create","resource":"projects/fir-project-96325/databases/(default)/documents/messages/{documentId}"},"entryPoint":"makeUppercase","labels":{"deployment-tool":"cli-firebase"},"sourceUploadUrl":"https://storage.googleapis.com/uploads-9885338523.us-central1.cloudfunctions.appspot.com/0939c704-596e-4a5b-9c5a-2b59e5e25ff3.zip?GoogleAccessId=service-141188316365@gcf-admin-robot.iam.gserviceaccount.com&Expires=1652303211&Signature=LRlykwINn%2Fo1plp05I5ShqJLE%2BwFklRYn5gbOVs36cs%2Be1saeM%2Fr7FtxV%2FwAAQiEw5UzhAFsoBawDoOrgVos0tTIAKUHxKa4YW8hoe1VCYm2bM4F030oBzjdLO3P0e1QtS0evgs4Z4xI0a494lxKepscrgbVHk3sOboi7%2FuaobJw6dJFnkg56k8GlSAOeQFPw57gPEcbMGNIqpA9D5n3evKGuPUGIQnRcBoc99au9FY4MkeD3IzNWg26cipXgnvbjJi8hh8cnTeVQMv%2BqG81qT9rTYKn8eHMkfv5HFJgdV2Nb%2F%2BgyJcww1%2BA7rwjBI%2Fv0GJDK4Y3z8JbMYFwD5ArwA%3D%3D","environmentVariables":{"FIREBASE_CONFIG":"{\"projectId\":\"fir-project-96325\",\"storageBucket\":\"fir-project-96325.appspot.com\",\"locationId\":\"us-central\"}","GCLOUD_PROJECT":"fir-project-96325"},"runtime":"nodejs16"},"versionId":"1","updateTime":"2022-05-11T20:36:52Z"}}
[debug] [2022-05-11T20:36:53.956Z] [update-default-us-central1-addMessage] Retrying task index 0
[debug] [2022-05-11T20:36:53.956Z] >>> [apiv2][query] GET https://cloudfunctions.googleapis.com/v1/operations/ZmlyLXByb2plY3QtOTYzMjUvdXMtY2VudHJhbDEvYWRkTWVzc2FnZS81YlRYWmZsdER5cw [none]
[debug] [2022-05-11T20:36:53.987Z] [create-default-us-central1-makeUppercase] Retrying task index 0
[debug] [2022-05-11T20:36:53.987Z] >>> [apiv2][query] GET https://cloudfunctions.googleapis.com/v1/operations/ZmlyLXByb2plY3QtOTYzMjUvdXMtY2VudHJhbDEvbWFrZVVwcGVyY2FzZS9rcnByZnFWSzAxbw [none]
[debug] [2022-05-11T20:36:54.475Z] <<< [apiv2][status] GET https://cloudfunctions.googleapis.com/v1/operations/ZmlyLXByb2plY3QtOTYzMjUvdXMtY2VudHJhbDEvYWRkTWVzc2FnZS81YlRYWmZsdER5cw 200
[debug] [2022-05-11T20:36:54.476Z] <<< [apiv2][body] GET https://cloudfunctions.googleapis.com/v1/operations/ZmlyLXByb2plY3QtOTYzMjUvdXMtY2VudHJhbDEvYWRkTWVzc2FnZS81YlRYWmZsdER5cw {"name":"operations/ZmlyLXByb2plY3QtOTYzMjUvdXMtY2VudHJhbDEvYWRkTWVzc2FnZS81YlRYWmZsdER5cw","metadata":{"@type":"type.googleapis.com/google.cloud.functions.v1.OperationMetadataV1","target":"projects/fir-project-96325/locations/us-central1/functions/addMessage","type":"UPDATE_FUNCTION","request":{"@type":"type.googleapis.com/google.cloud.functions.v1.CloudFunction","name":"projects/fir-project-96325/locations/us-central1/functions/addMessage","httpsTrigger":{"url":"https://us-central1-fir-project-96325.cloudfunctions.net/addMessage","securityLevel":"SECURE_ALWAYS"},"status":"ACTIVE","entryPoint":"addMessage","timeout":"60s","availableMemoryMb":256,"serviceAccountEmail":"fir-project-96325@appspot.gserviceaccount.com","updateTime":"2022-05-11T20:15:28.881Z","versionId":"1","labels":{"deployment-tool":"cli-firebase"},"sourceUploadUrl":"https://storage.googleapis.com/uploads-9885338523.us-central1.cloudfunctions.appspot.com/0939c704-596e-4a5b-9c5a-2b59e5e25ff3.zip?GoogleAccessId=service-141188316365@gcf-admin-robot.iam.gserviceaccount.com&Expires=1652303211&Signature=LRlykwINn%2Fo1plp05I5ShqJLE%2BwFklRYn5gbOVs36cs%2Be1saeM%2Fr7FtxV%2FwAAQiEw5UzhAFsoBawDoOrgVos0tTIAKUHxKa4YW8hoe1VCYm2bM4F030oBzjdLO3P0e1QtS0evgs4Z4xI0a494lxKepscrgbVHk3sOboi7%2FuaobJw6dJFnkg56k8GlSAOeQFPw57gPEcbMGNIqpA9D5n3evKGuPUGIQnRcBoc99au9FY4MkeD3IzNWg26cipXgnvbjJi8hh8cnTeVQMv%2BqG81qT9rTYKn8eHMkfv5HFJgdV2Nb%2F%2BgyJcww1%2BA7rwjBI%2Fv0GJDK4Y3z8JbMYFwD5ArwA%3D%3D","environmentVariables":{"FIREBASE_CONFIG":"{\"projectId\":\"fir-project-96325\",\"storageBucket\":\"fir-project-96325.appspot.com\",\"locationId\":\"us-central\"}","GCLOUD_PROJECT":"fir-project-96325"},"runtime":"nodejs16","ingressSettings":"ALLOW_ALL","buildId":"6dc90cdf-e710-4d7f-a57b-d972d909c8d4","buildName":"projects/141188316365/locations/us-central1/builds/6dc90cdf-e710-4d7f-a57b-d972d909c8d4","dockerRegistry":"CONTAINER_REGISTRY"},"versionId":"2","updateTime":"2022-05-11T20:36:52Z","buildId":"df1d63af-fe31-4ed8-a609-4235a79a19e5","buildName":"projects/141188316365/locations/us-central1/builds/df1d63af-fe31-4ed8-a609-4235a79a19e5"}}
[debug] [2022-05-11T20:36:54.510Z] <<< [apiv2][status] GET https://cloudfunctions.googleapis.com/v1/operations/ZmlyLXByb2plY3QtOTYzMjUvdXMtY2VudHJhbDEvbWFrZVVwcGVyY2FzZS9rcnByZnFWSzAxbw 200
[debug] [2022-05-11T20:36:54.510Z] <<< [apiv2][body] GET https://cloudfunctions.googleapis.com/v1/operations/ZmlyLXByb2plY3QtOTYzMjUvdXMtY2VudHJhbDEvbWFrZVVwcGVyY2FzZS9rcnByZnFWSzAxbw {"name":"operations/ZmlyLXByb2plY3QtOTYzMjUvdXMtY2VudHJhbDEvbWFrZVVwcGVyY2FzZS9rcnByZnFWSzAxbw","metadata":{"@type":"type.googleapis.com/google.cloud.functions.v1.OperationMetadataV1","target":"projects/fir-project-96325/locations/us-central1/functions/makeUppercase","type":"CREATE_FUNCTION","request":{"@type":"type.googleapis.com/google.cloud.functions.v1.CloudFunction","name":"projects/fir-project-96325/locations/us-central1/functions/makeUppercase","eventTrigger":{"eventType":"providers/cloud.firestore/eventTypes/document.create","resource":"projects/fir-project-96325/databases/(default)/documents/messages/{documentId}"},"entryPoint":"makeUppercase","labels":{"deployment-tool":"cli-firebase"},"sourceUploadUrl":"https://storage.googleapis.com/uploads-9885338523.us-central1.cloudfunctions.appspot.com/0939c704-596e-4a5b-9c5a-2b59e5e25ff3.zip?GoogleAccessId=service-141188316365@gcf-admin-robot.iam.gserviceaccount.com&Expires=1652303211&Signature=LRlykwINn%2Fo1plp05I5ShqJLE%2BwFklRYn5gbOVs36cs%2Be1saeM%2Fr7FtxV%2FwAAQiEw5UzhAFsoBawDoOrgVos0tTIAKUHxKa4YW8hoe1VCYm2bM4F030oBzjdLO3P0e1QtS0evgs4Z4xI0a494lxKepscrgbVHk3sOboi7%2FuaobJw6dJFnkg56k8GlSAOeQFPw57gPEcbMGNIqpA9D5n3evKGuPUGIQnRcBoc99au9FY4MkeD3IzNWg26cipXgnvbjJi8hh8cnTeVQMv%2BqG81qT9rTYKn8eHMkfv5HFJgdV2Nb%2F%2BgyJcww1%2BA7rwjBI%2Fv0GJDK4Y3z8JbMYFwD5ArwA%3D%3D","environmentVariables":{"FIREBASE_CONFIG":"{\"projectId\":\"fir-project-96325\",\"storageBucket\":\"fir-project-96325.appspot.com\",\"locationId\":\"us-central\"}","GCLOUD_PROJECT":"fir-project-96325"},"runtime":"nodejs16"},"versionId":"1","updateTime":"2022-05-11T20:36:52Z","buildId":"2c088f3c-7d22-45bd-ad80-cd3f69d77435","buildName":"projects/141188316365/locations/us-central1/builds/2c088f3c-7d22-45bd-ad80-cd3f69d77435"}}
[debug] [2022-05-11T20:36:55.482Z] [update-default-us-central1-addMessage] Retrying task index 0
[debug] [2022-05-11T20:36:55.482Z] >>> [apiv2][query] GET https://cloudfunctions.googleapis.com/v1/operations/ZmlyLXByb2plY3QtOTYzMjUvdXMtY2VudHJhbDEvYWRkTWVzc2FnZS81YlRYWmZsdER5cw [none]
[debug] [2022-05-11T20:36:55.513Z] [create-default-us-central1-makeUppercase] Retrying task index 0
[debug] [2022-05-11T20:36:55.513Z] >>> [apiv2][query] GET https://cloudfunctions.googleapis.com/v1/operations/ZmlyLXByb2plY3QtOTYzMjUvdXMtY2VudHJhbDEvbWFrZVVwcGVyY2FzZS9rcnByZnFWSzAxbw [none]
[debug] [2022-05-11T20:36:56.112Z] <<< [apiv2][status] GET https://cloudfunctions.googleapis.com/v1/operations/ZmlyLXByb2plY3QtOTYzMjUvdXMtY2VudHJhbDEvYWRkTWVzc2FnZS81YlRYWmZsdER5cw 200
[debug] [2022-05-11T20:36:56.113Z] <<< [apiv2][body] GET https://cloudfunctions.googleapis.com/v1/operations/ZmlyLXByb2plY3QtOTYzMjUvdXMtY2VudHJhbDEvYWRkTWVzc2FnZS81YlRYWmZsdER5cw {"name":"operations/ZmlyLXByb2plY3QtOTYzMjUvdXMtY2VudHJhbDEvYWRkTWVzc2FnZS81YlRYWmZsdER5cw","metadata":{"@type":"type.googleapis.com/google.cloud.functions.v1.OperationMetadataV1","target":"projects/fir-project-96325/locations/us-central1/functions/addMessage","type":"UPDATE_FUNCTION","request":{"@type":"type.googleapis.com/google.cloud.functions.v1.CloudFunction","name":"projects/fir-project-96325/locations/us-central1/functions/addMessage","httpsTrigger":{"url":"https://us-central1-fir-project-96325.cloudfunctions.net/addMessage","securityLevel":"SECURE_ALWAYS"},"status":"ACTIVE","entryPoint":"addMessage","timeout":"60s","availableMemoryMb":256,"serviceAccountEmail":"fir-project-96325@appspot.gserviceaccount.com","updateTime":"2022-05-11T20:15:28.881Z","versionId":"1","labels":{"deployment-tool":"cli-firebase"},"sourceUploadUrl":"https://storage.googleapis.com/uploads-9885338523.us-central1.cloudfunctions.appspot.com/0939c704-596e-4a5b-9c5a-2b59e5e25ff3.zip?GoogleAccessId=service-141188316365@gcf-admin-robot.iam.gserviceaccount.com&Expires=1652303211&Signature=LRlykwINn%2Fo1plp05I5ShqJLE%2BwFklRYn5gbOVs36cs%2Be1saeM%2Fr7FtxV%2FwAAQiEw5UzhAFsoBawDoOrgVos0tTIAKUHxKa4YW8hoe1VCYm2bM4F030oBzjdLO3P0e1QtS0evgs4Z4xI0a494lxKepscrgbVHk3sOboi7%2FuaobJw6dJFnkg56k8GlSAOeQFPw57gPEcbMGNIqpA9D5n3evKGuPUGIQnRcBoc99au9FY4MkeD3IzNWg26cipXgnvbjJi8hh8cnTeVQMv%2BqG81qT9rTYKn8eHMkfv5HFJgdV2Nb%2F%2BgyJcww1%2BA7rwjBI%2Fv0GJDK4Y3z8JbMYFwD5ArwA%3D%3D","environmentVariables":{"FIREBASE_CONFIG":"{\"projectId\":\"fir-project-96325\",\"storageBucket\":\"fir-project-96325.appspot.com\",\"locationId\":\"us-central\"}","GCLOUD_PROJECT":"fir-project-96325"},"runtime":"nodejs16","ingressSettings":"ALLOW_ALL","buildId":"6dc90cdf-e710-4d7f-a57b-d972d909c8d4","buildName":"projects/141188316365/locations/us-central1/builds/6dc90cdf-e710-4d7f-a57b-d972d909c8d4","dockerRegistry":"CONTAINER_REGISTRY"},"versionId":"2","updateTime":"2022-05-11T20:36:52Z","buildId":"df1d63af-fe31-4ed8-a609-4235a79a19e5","buildName":"projects/141188316365/locations/us-central1/builds/df1d63af-fe31-4ed8-a609-4235a79a19e5"}}
[debug] [2022-05-11T20:36:56.114Z] <<< [apiv2][status] GET https://cloudfunctions.googleapis.com/v1/operations/ZmlyLXByb2plY3QtOTYzMjUvdXMtY2VudHJhbDEvbWFrZVVwcGVyY2FzZS9rcnByZnFWSzAxbw 200
[debug] [2022-05-11T20:36:56.114Z] <<< [apiv2][body] GET https://cloudfunctions.googleapis.com/v1/operations/ZmlyLXByb2plY3QtOTYzMjUvdXMtY2VudHJhbDEvbWFrZVVwcGVyY2FzZS9rcnByZnFWSzAxbw {"name":"operations/ZmlyLXByb2plY3QtOTYzMjUvdXMtY2VudHJhbDEvbWFrZVVwcGVyY2FzZS9rcnByZnFWSzAxbw","metadata":{"@type":"type.googleapis.com/google.cloud.functions.v1.OperationMetadataV1","target":"projects/fir-project-96325/locations/us-central1/functions/makeUppercase","type":"CREATE_FUNCTION","request":{"@type":"type.googleapis.com/google.cloud.functions.v1.CloudFunction","name":"projects/fir-project-96325/locations/us-central1/functions/makeUppercase","eventTrigger":{"eventType":"providers/cloud.firestore/eventTypes/document.create","resource":"projects/fir-project-96325/databases/(default)/documents/messages/{documentId}"},"entryPoint":"makeUppercase","labels":{"deployment-tool":"cli-firebase"},"sourceUploadUrl":"https://storage.googleapis.com/uploads-9885338523.us-central1.cloudfunctions.appspot.com/0939c704-596e-4a5b-9c5a-2b59e5e25ff3.zip?GoogleAccessId=service-141188316365@gcf-admin-robot.iam.gserviceaccount.com&Expires=1652303211&Signature=LRlykwINn%2Fo1plp05I5ShqJLE%2BwFklRYn5gbOVs36cs%2Be1saeM%2Fr7FtxV%2FwAAQiEw5UzhAFsoBawDoOrgVos0tTIAKUHxKa4YW8hoe1VCYm2bM4F030oBzjdLO3P0e1QtS0evgs4Z4xI0a494lxKepscrgbVHk3sOboi7%2FuaobJw6dJFnkg56k8GlSAOeQFPw57gPEcbMGNIqpA9D5n3evKGuPUGIQnRcBoc99au9FY4MkeD3IzNWg26cipXgnvbjJi8hh8cnTeVQMv%2BqG81qT9rTYKn8eHMkfv5HFJgdV2Nb%2F%2BgyJcww1%2BA7rwjBI%2Fv0GJDK4Y3z8JbMYFwD5ArwA%3D%3D","environmentVariables":{"FIREBASE_CONFIG":"{\"projectId\":\"fir-project-96325\",\"storageBucket\":\"fir-project-96325.appspot.com\",\"locationId\":\"us-central\"}","GCLOUD_PROJECT":"fir-project-96325"},"runtime":"nodejs16"},"versionId":"1","updateTime":"2022-05-11T20:36:52Z","buildId":"2c088f3c-7d22-45bd-ad80-cd3f69d77435","buildName":"projects/141188316365/locations/us-central1/builds/2c088f3c-7d22-45bd-ad80-cd3f69d77435"}}
[debug] [2022-05-11T20:36:58.124Z] [update-default-us-central1-addMessage] Retrying task index 0
[debug] [2022-05-11T20:36:58.125Z] >>> [apiv2][query] GET https://cloudfunctions.googleapis.com/v1/operations/ZmlyLXByb2plY3QtOTYzMjUvdXMtY2VudHJhbDEvYWRkTWVzc2FnZS81YlRYWmZsdER5cw [none]
[debug] [2022-05-11T20:36:58.126Z] [create-default-us-central1-makeUppercase] Retrying task index 0
[debug] [2022-05-11T20:36:58.126Z] >>> [apiv2][query] GET https://cloudfunctions.googleapis.com/v1/operations/ZmlyLXByb2plY3QtOTYzMjUvdXMtY2VudHJhbDEvbWFrZVVwcGVyY2FzZS9rcnByZnFWSzAxbw [none]
[debug] [2022-05-11T20:36:58.736Z] <<< [apiv2][status] GET https://cloudfunctions.googleapis.com/v1/operations/ZmlyLXByb2plY3QtOTYzMjUvdXMtY2VudHJhbDEvbWFrZVVwcGVyY2FzZS9rcnByZnFWSzAxbw 200
[debug] [2022-05-11T20:36:58.736Z] <<< [apiv2][body] GET https://cloudfunctions.googleapis.com/v1/operations/ZmlyLXByb2plY3QtOTYzMjUvdXMtY2VudHJhbDEvbWFrZVVwcGVyY2FzZS9rcnByZnFWSzAxbw {"name":"operations/ZmlyLXByb2plY3QtOTYzMjUvdXMtY2VudHJhbDEvbWFrZVVwcGVyY2FzZS9rcnByZnFWSzAxbw","metadata":{"@type":"type.googleapis.com/google.cloud.functions.v1.OperationMetadataV1","target":"projects/fir-project-96325/locations/us-central1/functions/makeUppercase","type":"CREATE_FUNCTION","request":{"@type":"type.googleapis.com/google.cloud.functions.v1.CloudFunction","name":"projects/fir-project-96325/locations/us-central1/functions/makeUppercase","eventTrigger":{"eventType":"providers/cloud.firestore/eventTypes/document.create","resource":"projects/fir-project-96325/databases/(default)/documents/messages/{documentId}"},"entryPoint":"makeUppercase","labels":{"deployment-tool":"cli-firebase"},"sourceUploadUrl":"https://storage.googleapis.com/uploads-9885338523.us-central1.cloudfunctions.appspot.com/0939c704-596e-4a5b-9c5a-2b59e5e25ff3.zip?GoogleAccessId=service-141188316365@gcf-admin-robot.iam.gserviceaccount.com&Expires=1652303211&Signature=LRlykwINn%2Fo1plp05I5ShqJLE%2BwFklRYn5gbOVs36cs%2Be1saeM%2Fr7FtxV%2FwAAQiEw5UzhAFsoBawDoOrgVos0tTIAKUHxKa4YW8hoe1VCYm2bM4F030oBzjdLO3P0e1QtS0evgs4Z4xI0a494lxKepscrgbVHk3sOboi7%2FuaobJw6dJFnkg56k8GlSAOeQFPw57gPEcbMGNIqpA9D5n3evKGuPUGIQnRcBoc99au9FY4MkeD3IzNWg26cipXgnvbjJi8hh8cnTeVQMv%2BqG81qT9rTYKn8eHMkfv5HFJgdV2Nb%2F%2BgyJcww1%2BA7rwjBI%2Fv0GJDK4Y3z8JbMYFwD5ArwA%3D%3D","environmentVariables":{"FIREBASE_CONFIG":"{\"projectId\":\"fir-project-96325\",\"storageBucket\":\"fir-project-96325.appspot.com\",\"locationId\":\"us-central\"}","GCLOUD_PROJECT":"fir-project-96325"},"runtime":"nodejs16"},"versionId":"1","updateTime":"2022-05-11T20:36:52Z","buildId":"2c088f3c-7d22-45bd-ad80-cd3f69d77435","buildName":"projects/141188316365/locations/us-central1/builds/2c088f3c-7d22-45bd-ad80-cd3f69d77435"}}
[debug] [2022-05-11T20:36:58.736Z] <<< [apiv2][status] GET https://cloudfunctions.googleapis.com/v1/operations/ZmlyLXByb2plY3QtOTYzMjUvdXMtY2VudHJhbDEvYWRkTWVzc2FnZS81YlRYWmZsdER5cw 200
[debug] [2022-05-11T20:36:58.736Z] <<< [apiv2][body] GET https://cloudfunctions.googleapis.com/v1/operations/ZmlyLXByb2plY3QtOTYzMjUvdXMtY2VudHJhbDEvYWRkTWVzc2FnZS81YlRYWmZsdER5cw {"name":"operations/ZmlyLXByb2plY3QtOTYzMjUvdXMtY2VudHJhbDEvYWRkTWVzc2FnZS81YlRYWmZsdER5cw","metadata":{"@type":"type.googleapis.com/google.cloud.functions.v1.OperationMetadataV1","target":"projects/fir-project-96325/locations/us-central1/functions/addMessage","type":"UPDATE_FUNCTION","request":{"@type":"type.googleapis.com/google.cloud.functions.v1.CloudFunction","name":"projects/fir-project-96325/locations/us-central1/functions/addMessage","httpsTrigger":{"url":"https://us-central1-fir-project-96325.cloudfunctions.net/addMessage","securityLevel":"SECURE_ALWAYS"},"status":"ACTIVE","entryPoint":"addMessage","timeout":"60s","availableMemoryMb":256,"serviceAccountEmail":"fir-project-96325@appspot.gserviceaccount.com","updateTime":"2022-05-11T20:15:28.881Z","versionId":"1","labels":{"deployment-tool":"cli-firebase"},"sourceUploadUrl":"https://storage.googleapis.com/uploads-9885338523.us-central1.cloudfunctions.appspot.com/0939c704-596e-4a5b-9c5a-2b59e5e25ff3.zip?GoogleAccessId=service-141188316365@gcf-admin-robot.iam.gserviceaccount.com&Expires=1652303211&Signature=LRlykwINn%2Fo1plp05I5ShqJLE%2BwFklRYn5gbOVs36cs%2Be1saeM%2Fr7FtxV%2FwAAQiEw5UzhAFsoBawDoOrgVos0tTIAKUHxKa4YW8hoe1VCYm2bM4F030oBzjdLO3P0e1QtS0evgs4Z4xI0a494lxKepscrgbVHk3sOboi7%2FuaobJw6dJFnkg56k8GlSAOeQFPw57gPEcbMGNIqpA9D5n3evKGuPUGIQnRcBoc99au9FY4MkeD3IzNWg26cipXgnvbjJi8hh8cnTeVQMv%2BqG81qT9rTYKn8eHMkfv5HFJgdV2Nb%2F%2BgyJcww1%2BA7rwjBI%2Fv0GJDK4Y3z8JbMYFwD5ArwA%3D%3D","environmentVariables":{"FIREBASE_CONFIG":"{\"projectId\":\"fir-project-96325\",\"storageBucket\":\"fir-project-96325.appspot.com\",\"locationId\":\"us-central\"}","GCLOUD_PROJECT":"fir-project-96325"},"runtime":"nodejs16","ingressSettings":"ALLOW_ALL","buildId":"6dc90cdf-e710-4d7f-a57b-d972d909c8d4","buildName":"projects/141188316365/locations/us-central1/builds/6dc90cdf-e710-4d7f-a57b-d972d909c8d4","dockerRegistry":"CONTAINER_REGISTRY"},"versionId":"2","updateTime":"2022-05-11T20:36:52Z","buildId":"df1d63af-fe31-4ed8-a609-4235a79a19e5","buildName":"projects/141188316365/locations/us-central1/builds/df1d63af-fe31-4ed8-a609-4235a79a19e5"}}
[debug] [2022-05-11T20:37:02.740Z] [create-default-us-central1-makeUppercase] Retrying task index 0
[debug] [2022-05-11T20:37:02.740Z] >>> [apiv2][query] GET https://cloudfunctions.googleapis.com/v1/operations/ZmlyLXByb2plY3QtOTYzMjUvdXMtY2VudHJhbDEvbWFrZVVwcGVyY2FzZS9rcnByZnFWSzAxbw [none]
[debug] [2022-05-11T20:37:02.741Z] [update-default-us-central1-addMessage] Retrying task index 0
[debug] [2022-05-11T20:37:02.741Z] >>> [apiv2][query] GET https://cloudfunctions.googleapis.com/v1/operations/ZmlyLXByb2plY3QtOTYzMjUvdXMtY2VudHJhbDEvYWRkTWVzc2FnZS81YlRYWmZsdER5cw [none]
[debug] [2022-05-11T20:37:03.382Z] <<< [apiv2][status] GET https://cloudfunctions.googleapis.com/v1/operations/ZmlyLXByb2plY3QtOTYzMjUvdXMtY2VudHJhbDEvbWFrZVVwcGVyY2FzZS9rcnByZnFWSzAxbw 200
[debug] [2022-05-11T20:37:03.383Z] <<< [apiv2][body] GET https://cloudfunctions.googleapis.com/v1/operations/ZmlyLXByb2plY3QtOTYzMjUvdXMtY2VudHJhbDEvbWFrZVVwcGVyY2FzZS9rcnByZnFWSzAxbw {"name":"operations/ZmlyLXByb2plY3QtOTYzMjUvdXMtY2VudHJhbDEvbWFrZVVwcGVyY2FzZS9rcnByZnFWSzAxbw","metadata":{"@type":"type.googleapis.com/google.cloud.functions.v1.OperationMetadataV1","target":"projects/fir-project-96325/locations/us-central1/functions/makeUppercase","type":"CREATE_FUNCTION","request":{"@type":"type.googleapis.com/google.cloud.functions.v1.CloudFunction","name":"projects/fir-project-96325/locations/us-central1/functions/makeUppercase","eventTrigger":{"eventType":"providers/cloud.firestore/eventTypes/document.create","resource":"projects/fir-project-96325/databases/(default)/documents/messages/{documentId}"},"entryPoint":"makeUppercase","labels":{"deployment-tool":"cli-firebase"},"sourceUploadUrl":"https://storage.googleapis.com/uploads-9885338523.us-central1.cloudfunctions.appspot.com/0939c704-596e-4a5b-9c5a-2b59e5e25ff3.zip?GoogleAccessId=service-141188316365@gcf-admin-robot.iam.gserviceaccount.com&Expires=1652303211&Signature=LRlykwINn%2Fo1plp05I5ShqJLE%2BwFklRYn5gbOVs36cs%2Be1saeM%2Fr7FtxV%2FwAAQiEw5UzhAFsoBawDoOrgVos0tTIAKUHxKa4YW8hoe1VCYm2bM4F030oBzjdLO3P0e1QtS0evgs4Z4xI0a494lxKepscrgbVHk3sOboi7%2FuaobJw6dJFnkg56k8GlSAOeQFPw57gPEcbMGNIqpA9D5n3evKGuPUGIQnRcBoc99au9FY4MkeD3IzNWg26cipXgnvbjJi8hh8cnTeVQMv%2BqG81qT9rTYKn8eHMkfv5HFJgdV2Nb%2F%2BgyJcww1%2BA7rwjBI%2Fv0GJDK4Y3z8JbMYFwD5ArwA%3D%3D","environmentVariables":{"FIREBASE_CONFIG":"{\"projectId\":\"fir-project-96325\",\"storageBucket\":\"fir-project-96325.appspot.com\",\"locationId\":\"us-central\"}","GCLOUD_PROJECT":"fir-project-96325"},"runtime":"nodejs16"},"versionId":"1","updateTime":"2022-05-11T20:36:52Z","buildId":"2c088f3c-7d22-45bd-ad80-cd3f69d77435","buildName":"projects/141188316365/locations/us-central1/builds/2c088f3c-7d22-45bd-ad80-cd3f69d77435"}}
[debug] [2022-05-11T20:37:03.384Z] <<< [apiv2][status] GET https://cloudfunctions.googleapis.com/v1/operations/ZmlyLXByb2plY3QtOTYzMjUvdXMtY2VudHJhbDEvYWRkTWVzc2FnZS81YlRYWmZsdER5cw 200
[debug] [2022-05-11T20:37:03.384Z] <<< [apiv2][body] GET https://cloudfunctions.googleapis.com/v1/operations/ZmlyLXByb2plY3QtOTYzMjUvdXMtY2VudHJhbDEvYWRkTWVzc2FnZS81YlRYWmZsdER5cw {"name":"operations/ZmlyLXByb2plY3QtOTYzMjUvdXMtY2VudHJhbDEvYWRkTWVzc2FnZS81YlRYWmZsdER5cw","metadata":{"@type":"type.googleapis.com/google.cloud.functions.v1.OperationMetadataV1","target":"projects/fir-project-96325/locations/us-central1/functions/addMessage","type":"UPDATE_FUNCTION","request":{"@type":"type.googleapis.com/google.cloud.functions.v1.CloudFunction","name":"projects/fir-project-96325/locations/us-central1/functions/addMessage","httpsTrigger":{"url":"https://us-central1-fir-project-96325.cloudfunctions.net/addMessage","securityLevel":"SECURE_ALWAYS"},"status":"ACTIVE","entryPoint":"addMessage","timeout":"60s","availableMemoryMb":256,"serviceAccountEmail":"fir-project-96325@appspot.gserviceaccount.com","updateTime":"2022-05-11T20:15:28.881Z","versionId":"1","labels":{"deployment-tool":"cli-firebase"},"sourceUploadUrl":"https://storage.googleapis.com/uploads-9885338523.us-central1.cloudfunctions.appspot.com/0939c704-596e-4a5b-9c5a-2b59e5e25ff3.zip?GoogleAccessId=service-141188316365@gcf-admin-robot.iam.gserviceaccount.com&Expires=1652303211&Signature=LRlykwINn%2Fo1plp05I5ShqJLE%2BwFklRYn5gbOVs36cs%2Be1saeM%2Fr7FtxV%2FwAAQiEw5UzhAFsoBawDoOrgVos0tTIAKUHxKa4YW8hoe1VCYm2bM4F030oBzjdLO3P0e1QtS0evgs4Z4xI0a494lxKepscrgbVHk3sOboi7%2FuaobJw6dJFnkg56k8GlSAOeQFPw57gPEcbMGNIqpA9D5n3evKGuPUGIQnRcBoc99au9FY4MkeD3IzNWg26cipXgnvbjJi8hh8cnTeVQMv%2BqG81qT9rTYKn8eHMkfv5HFJgdV2Nb%2F%2BgyJcww1%2BA7rwjBI%2Fv0GJDK4Y3z8JbMYFwD5ArwA%3D%3D","environmentVariables":{"FIREBASE_CONFIG":"{\"projectId\":\"fir-project-96325\",\"storageBucket\":\"fir-project-96325.appspot.com\",\"locationId\":\"us-central\"}","GCLOUD_PROJECT":"fir-project-96325"},"runtime":"nodejs16","ingressSettings":"ALLOW_ALL","buildId":"6dc90cdf-e710-4d7f-a57b-d972d909c8d4","buildName":"projects/141188316365/locations/us-central1/builds/6dc90cdf-e710-4d7f-a57b-d972d909c8d4","dockerRegistry":"CONTAINER_REGISTRY"},"versionId":"2","updateTime":"2022-05-11T20:36:52Z","buildId":"df1d63af-fe31-4ed8-a609-4235a79a19e5","buildName":"projects/141188316365/locations/us-central1/builds/df1d63af-fe31-4ed8-a609-4235a79a19e5"}}
[debug] [2022-05-11T20:37:11.392Z] [create-default-us-central1-makeUppercase] Retrying task index 0
[debug] [2022-05-11T20:37:11.392Z] >>> [apiv2][query] GET https://cloudfunctions.googleapis.com/v1/operations/ZmlyLXByb2plY3QtOTYzMjUvdXMtY2VudHJhbDEvbWFrZVVwcGVyY2FzZS9rcnByZnFWSzAxbw [none]
[debug] [2022-05-11T20:37:11.393Z] [update-default-us-central1-addMessage] Retrying task index 0
[debug] [2022-05-11T20:37:11.394Z] >>> [apiv2][query] GET https://cloudfunctions.googleapis.com/v1/operations/ZmlyLXByb2plY3QtOTYzMjUvdXMtY2VudHJhbDEvYWRkTWVzc2FnZS81YlRYWmZsdER5cw [none]
[debug] [2022-05-11T20:37:11.985Z] <<< [apiv2][status] GET https://cloudfunctions.googleapis.com/v1/operations/ZmlyLXByb2plY3QtOTYzMjUvdXMtY2VudHJhbDEvbWFrZVVwcGVyY2FzZS9rcnByZnFWSzAxbw 200
[debug] [2022-05-11T20:37:11.985Z] <<< [apiv2][body] GET https://cloudfunctions.googleapis.com/v1/operations/ZmlyLXByb2plY3QtOTYzMjUvdXMtY2VudHJhbDEvbWFrZVVwcGVyY2FzZS9rcnByZnFWSzAxbw {"name":"operations/ZmlyLXByb2plY3QtOTYzMjUvdXMtY2VudHJhbDEvbWFrZVVwcGVyY2FzZS9rcnByZnFWSzAxbw","metadata":{"@type":"type.googleapis.com/google.cloud.functions.v1.OperationMetadataV1","target":"projects/fir-project-96325/locations/us-central1/functions/makeUppercase","type":"CREATE_FUNCTION","request":{"@type":"type.googleapis.com/google.cloud.functions.v1.CloudFunction","name":"projects/fir-project-96325/locations/us-central1/functions/makeUppercase","eventTrigger":{"eventType":"providers/cloud.firestore/eventTypes/document.create","resource":"projects/fir-project-96325/databases/(default)/documents/messages/{documentId}"},"entryPoint":"makeUppercase","labels":{"deployment-tool":"cli-firebase"},"sourceUploadUrl":"https://storage.googleapis.com/uploads-9885338523.us-central1.cloudfunctions.appspot.com/0939c704-596e-4a5b-9c5a-2b59e5e25ff3.zip?GoogleAccessId=service-141188316365@gcf-admin-robot.iam.gserviceaccount.com&Expires=1652303211&Signature=LRlykwINn%2Fo1plp05I5ShqJLE%2BwFklRYn5gbOVs36cs%2Be1saeM%2Fr7FtxV%2FwAAQiEw5UzhAFsoBawDoOrgVos0tTIAKUHxKa4YW8hoe1VCYm2bM4F030oBzjdLO3P0e1QtS0evgs4Z4xI0a494lxKepscrgbVHk3sOboi7%2FuaobJw6dJFnkg56k8GlSAOeQFPw57gPEcbMGNIqpA9D5n3evKGuPUGIQnRcBoc99au9FY4MkeD3IzNWg26cipXgnvbjJi8hh8cnTeVQMv%2BqG81qT9rTYKn8eHMkfv5HFJgdV2Nb%2F%2BgyJcww1%2BA7rwjBI%2Fv0GJDK4Y3z8JbMYFwD5ArwA%3D%3D","environmentVariables":{"FIREBASE_CONFIG":"{\"projectId\":\"fir-project-96325\",\"storageBucket\":\"fir-project-96325.appspot.com\",\"locationId\":\"us-central\"}","GCLOUD_PROJECT":"fir-project-96325"},"runtime":"nodejs16"},"versionId":"1","updateTime":"2022-05-11T20:36:52Z","buildId":"2c088f3c-7d22-45bd-ad80-cd3f69d77435","buildName":"projects/141188316365/locations/us-central1/builds/2c088f3c-7d22-45bd-ad80-cd3f69d77435"}}
[debug] [2022-05-11T20:37:11.985Z] <<< [apiv2][status] GET https://cloudfunctions.googleapis.com/v1/operations/ZmlyLXByb2plY3QtOTYzMjUvdXMtY2VudHJhbDEvYWRkTWVzc2FnZS81YlRYWmZsdER5cw 200
[debug] [2022-05-11T20:37:11.985Z] <<< [apiv2][body] GET https://cloudfunctions.googleapis.com/v1/operations/ZmlyLXByb2plY3QtOTYzMjUvdXMtY2VudHJhbDEvYWRkTWVzc2FnZS81YlRYWmZsdER5cw {"name":"operations/ZmlyLXByb2plY3QtOTYzMjUvdXMtY2VudHJhbDEvYWRkTWVzc2FnZS81YlRYWmZsdER5cw","metadata":{"@type":"type.googleapis.com/google.cloud.functions.v1.OperationMetadataV1","target":"projects/fir-project-96325/locations/us-central1/functions/addMessage","type":"UPDATE_FUNCTION","request":{"@type":"type.googleapis.com/google.cloud.functions.v1.CloudFunction","name":"projects/fir-project-96325/locations/us-central1/functions/addMessage","httpsTrigger":{"url":"https://us-central1-fir-project-96325.cloudfunctions.net/addMessage","securityLevel":"SECURE_ALWAYS"},"status":"ACTIVE","entryPoint":"addMessage","timeout":"60s","availableMemoryMb":256,"serviceAccountEmail":"fir-project-96325@appspot.gserviceaccount.com","updateTime":"2022-05-11T20:15:28.881Z","versionId":"1","labels":{"deployment-tool":"cli-firebase"},"sourceUploadUrl":"https://storage.googleapis.com/uploads-9885338523.us-central1.cloudfunctions.appspot.com/0939c704-596e-4a5b-9c5a-2b59e5e25ff3.zip?GoogleAccessId=service-141188316365@gcf-admin-robot.iam.gserviceaccount.com&Expires=1652303211&Signature=LRlykwINn%2Fo1plp05I5ShqJLE%2BwFklRYn5gbOVs36cs%2Be1saeM%2Fr7FtxV%2FwAAQiEw5UzhAFsoBawDoOrgVos0tTIAKUHxKa4YW8hoe1VCYm2bM4F030oBzjdLO3P0e1QtS0evgs4Z4xI0a494lxKepscrgbVHk3sOboi7%2FuaobJw6dJFnkg56k8GlSAOeQFPw57gPEcbMGNIqpA9D5n3evKGuPUGIQnRcBoc99au9FY4MkeD3IzNWg26cipXgnvbjJi8hh8cnTeVQMv%2BqG81qT9rTYKn8eHMkfv5HFJgdV2Nb%2F%2BgyJcww1%2BA7rwjBI%2Fv0GJDK4Y3z8JbMYFwD5ArwA%3D%3D","environmentVariables":{"FIREBASE_CONFIG":"{\"projectId\":\"fir-project-96325\",\"storageBucket\":\"fir-project-96325.appspot.com\",\"locationId\":\"us-central\"}","GCLOUD_PROJECT":"fir-project-96325"},"runtime":"nodejs16","ingressSettings":"ALLOW_ALL","buildId":"6dc90cdf-e710-4d7f-a57b-d972d909c8d4","buildName":"projects/141188316365/locations/us-central1/builds/6dc90cdf-e710-4d7f-a57b-d972d909c8d4","dockerRegistry":"CONTAINER_REGISTRY"},"versionId":"2","updateTime":"2022-05-11T20:36:52Z","buildId":"df1d63af-fe31-4ed8-a609-4235a79a19e5","buildName":"projects/141188316365/locations/us-central1/builds/df1d63af-fe31-4ed8-a609-4235a79a19e5"}}
[debug] [2022-05-11T20:37:21.987Z] [create-default-us-central1-makeUppercase] Retrying task index 0
[debug] [2022-05-11T20:37:21.987Z] >>> [apiv2][query] GET https://cloudfunctions.googleapis.com/v1/operations/ZmlyLXByb2plY3QtOTYzMjUvdXMtY2VudHJhbDEvbWFrZVVwcGVyY2FzZS9rcnByZnFWSzAxbw [none]
[debug] [2022-05-11T20:37:21.988Z] [update-default-us-central1-addMessage] Retrying task index 0
[debug] [2022-05-11T20:37:21.988Z] >>> [apiv2][query] GET https://cloudfunctions.googleapis.com/v1/operations/ZmlyLXByb2plY3QtOTYzMjUvdXMtY2VudHJhbDEvYWRkTWVzc2FnZS81YlRYWmZsdER5cw [none]
[debug] [2022-05-11T20:37:22.636Z] <<< [apiv2][status] GET https://cloudfunctions.googleapis.com/v1/operations/ZmlyLXByb2plY3QtOTYzMjUvdXMtY2VudHJhbDEvYWRkTWVzc2FnZS81YlRYWmZsdER5cw 200
[debug] [2022-05-11T20:37:22.636Z] <<< [apiv2][body] GET https://cloudfunctions.googleapis.com/v1/operations/ZmlyLXByb2plY3QtOTYzMjUvdXMtY2VudHJhbDEvYWRkTWVzc2FnZS81YlRYWmZsdER5cw {"name":"operations/ZmlyLXByb2plY3QtOTYzMjUvdXMtY2VudHJhbDEvYWRkTWVzc2FnZS81YlRYWmZsdER5cw","metadata":{"@type":"type.googleapis.com/google.cloud.functions.v1.OperationMetadataV1","target":"projects/fir-project-96325/locations/us-central1/functions/addMessage","type":"UPDATE_FUNCTION","request":{"@type":"type.googleapis.com/google.cloud.functions.v1.CloudFunction","name":"projects/fir-project-96325/locations/us-central1/functions/addMessage","httpsTrigger":{"url":"https://us-central1-fir-project-96325.cloudfunctions.net/addMessage","securityLevel":"SECURE_ALWAYS"},"status":"ACTIVE","entryPoint":"addMessage","timeout":"60s","availableMemoryMb":256,"serviceAccountEmail":"fir-project-96325@appspot.gserviceaccount.com","updateTime":"2022-05-11T20:15:28.881Z","versionId":"1","labels":{"deployment-tool":"cli-firebase"},"sourceUploadUrl":"https://storage.googleapis.com/uploads-9885338523.us-central1.cloudfunctions.appspot.com/0939c704-596e-4a5b-9c5a-2b59e5e25ff3.zip?GoogleAccessId=service-141188316365@gcf-admin-robot.iam.gserviceaccount.com&Expires=1652303211&Signature=LRlykwINn%2Fo1plp05I5ShqJLE%2BwFklRYn5gbOVs36cs%2Be1saeM%2Fr7FtxV%2FwAAQiEw5UzhAFsoBawDoOrgVos0tTIAKUHxKa4YW8hoe1VCYm2bM4F030oBzjdLO3P0e1QtS0evgs4Z4xI0a494lxKepscrgbVHk3sOboi7%2FuaobJw6dJFnkg56k8GlSAOeQFPw57gPEcbMGNIqpA9D5n3evKGuPUGIQnRcBoc99au9FY4MkeD3IzNWg26cipXgnvbjJi8hh8cnTeVQMv%2BqG81qT9rTYKn8eHMkfv5HFJgdV2Nb%2F%2BgyJcww1%2BA7rwjBI%2Fv0GJDK4Y3z8JbMYFwD5ArwA%3D%3D","environmentVariables":{"FIREBASE_CONFIG":"{\"projectId\":\"fir-project-96325\",\"storageBucket\":\"fir-project-96325.appspot.com\",\"locationId\":\"us-central\"}","GCLOUD_PROJECT":"fir-project-96325"},"runtime":"nodejs16","ingressSettings":"ALLOW_ALL","buildId":"6dc90cdf-e710-4d7f-a57b-d972d909c8d4","buildName":"projects/141188316365/locations/us-central1/builds/6dc90cdf-e710-4d7f-a57b-d972d909c8d4","dockerRegistry":"CONTAINER_REGISTRY"},"versionId":"2","updateTime":"2022-05-11T20:36:52Z","buildId":"df1d63af-fe31-4ed8-a609-4235a79a19e5","buildName":"projects/141188316365/locations/us-central1/builds/df1d63af-fe31-4ed8-a609-4235a79a19e5"}}
[debug] [2022-05-11T20:37:22.636Z] <<< [apiv2][status] GET https://cloudfunctions.googleapis.com/v1/operations/ZmlyLXByb2plY3QtOTYzMjUvdXMtY2VudHJhbDEvbWFrZVVwcGVyY2FzZS9rcnByZnFWSzAxbw 200
[debug] [2022-05-11T20:37:22.636Z] <<< [apiv2][body] GET https://cloudfunctions.googleapis.com/v1/operations/ZmlyLXByb2plY3QtOTYzMjUvdXMtY2VudHJhbDEvbWFrZVVwcGVyY2FzZS9rcnByZnFWSzAxbw {"name":"operations/ZmlyLXByb2plY3QtOTYzMjUvdXMtY2VudHJhbDEvbWFrZVVwcGVyY2FzZS9rcnByZnFWSzAxbw","metadata":{"@type":"type.googleapis.com/google.cloud.functions.v1.OperationMetadataV1","target":"projects/fir-project-96325/locations/us-central1/functions/makeUppercase","type":"CREATE_FUNCTION","request":{"@type":"type.googleapis.com/google.cloud.functions.v1.CloudFunction","name":"projects/fir-project-96325/locations/us-central1/functions/makeUppercase","eventTrigger":{"eventType":"providers/cloud.firestore/eventTypes/document.create","resource":"projects/fir-project-96325/databases/(default)/documents/messages/{documentId}"},"entryPoint":"makeUppercase","labels":{"deployment-tool":"cli-firebase"},"sourceUploadUrl":"https://storage.googleapis.com/uploads-9885338523.us-central1.cloudfunctions.appspot.com/0939c704-596e-4a5b-9c5a-2b59e5e25ff3.zip?GoogleAccessId=service-141188316365@gcf-admin-robot.iam.gserviceaccount.com&Expires=1652303211&Signature=LRlykwINn%2Fo1plp05I5ShqJLE%2BwFklRYn5gbOVs36cs%2Be1saeM%2Fr7FtxV%2FwAAQiEw5UzhAFsoBawDoOrgVos0tTIAKUHxKa4YW8hoe1VCYm2bM4F030oBzjdLO3P0e1QtS0evgs4Z4xI0a494lxKepscrgbVHk3sOboi7%2FuaobJw6dJFnkg56k8GlSAOeQFPw57gPEcbMGNIqpA9D5n3evKGuPUGIQnRcBoc99au9FY4MkeD3IzNWg26cipXgnvbjJi8hh8cnTeVQMv%2BqG81qT9rTYKn8eHMkfv5HFJgdV2Nb%2F%2BgyJcww1%2BA7rwjBI%2Fv0GJDK4Y3z8JbMYFwD5ArwA%3D%3D","environmentVariables":{"FIREBASE_CONFIG":"{\"projectId\":\"fir-project-96325\",\"storageBucket\":\"fir-project-96325.appspot.com\",\"locationId\":\"us-central\"}","GCLOUD_PROJECT":"fir-project-96325"},"runtime":"nodejs16"},"versionId":"1","updateTime":"2022-05-11T20:36:52Z","buildId":"2c088f3c-7d22-45bd-ad80-cd3f69d77435","buildName":"projects/141188316365/locations/us-central1/builds/2c088f3c-7d22-45bd-ad80-cd3f69d77435"}}
[debug] [2022-05-11T20:37:32.636Z] [update-default-us-central1-addMessage] Retrying task index 0
[debug] [2022-05-11T20:37:32.637Z] >>> [apiv2][query] GET https://cloudfunctions.googleapis.com/v1/operations/ZmlyLXByb2plY3QtOTYzMjUvdXMtY2VudHJhbDEvYWRkTWVzc2FnZS81YlRYWmZsdER5cw [none]
[debug] [2022-05-11T20:37:32.638Z] [create-default-us-central1-makeUppercase] Retrying task index 0
[debug] [2022-05-11T20:37:32.638Z] >>> [apiv2][query] GET https://cloudfunctions.googleapis.com/v1/operations/ZmlyLXByb2plY3QtOTYzMjUvdXMtY2VudHJhbDEvbWFrZVVwcGVyY2FzZS9rcnByZnFWSzAxbw [none]
[debug] [2022-05-11T20:37:33.079Z] <<< [apiv2][status] GET https://cloudfunctions.googleapis.com/v1/operations/ZmlyLXByb2plY3QtOTYzMjUvdXMtY2VudHJhbDEvbWFrZVVwcGVyY2FzZS9rcnByZnFWSzAxbw 200
[debug] [2022-05-11T20:37:33.079Z] <<< [apiv2][body] GET https://cloudfunctions.googleapis.com/v1/operations/ZmlyLXByb2plY3QtOTYzMjUvdXMtY2VudHJhbDEvbWFrZVVwcGVyY2FzZS9rcnByZnFWSzAxbw {"name":"operations/ZmlyLXByb2plY3QtOTYzMjUvdXMtY2VudHJhbDEvbWFrZVVwcGVyY2FzZS9rcnByZnFWSzAxbw","metadata":{"@type":"type.googleapis.com/google.cloud.functions.v1.OperationMetadataV1","target":"projects/fir-project-96325/locations/us-central1/functions/makeUppercase","type":"CREATE_FUNCTION","request":{"@type":"type.googleapis.com/google.cloud.functions.v1.CloudFunction","name":"projects/fir-project-96325/locations/us-central1/functions/makeUppercase","eventTrigger":{"eventType":"providers/cloud.firestore/eventTypes/document.create","resource":"projects/fir-project-96325/databases/(default)/documents/messages/{documentId}"},"entryPoint":"makeUppercase","labels":{"deployment-tool":"cli-firebase"},"sourceUploadUrl":"https://storage.googleapis.com/uploads-9885338523.us-central1.cloudfunctions.appspot.com/0939c704-596e-4a5b-9c5a-2b59e5e25ff3.zip?GoogleAccessId=service-141188316365@gcf-admin-robot.iam.gserviceaccount.com&Expires=1652303211&Signature=LRlykwINn%2Fo1plp05I5ShqJLE%2BwFklRYn5gbOVs36cs%2Be1saeM%2Fr7FtxV%2FwAAQiEw5UzhAFsoBawDoOrgVos0tTIAKUHxKa4YW8hoe1VCYm2bM4F030oBzjdLO3P0e1QtS0evgs4Z4xI0a494lxKepscrgbVHk3sOboi7%2FuaobJw6dJFnkg56k8GlSAOeQFPw57gPEcbMGNIqpA9D5n3evKGuPUGIQnRcBoc99au9FY4MkeD3IzNWg26cipXgnvbjJi8hh8cnTeVQMv%2BqG81qT9rTYKn8eHMkfv5HFJgdV2Nb%2F%2BgyJcww1%2BA7rwjBI%2Fv0GJDK4Y3z8JbMYFwD5ArwA%3D%3D","environmentVariables":{"FIREBASE_CONFIG":"{\"projectId\":\"fir-project-96325\",\"storageBucket\":\"fir-project-96325.appspot.com\",\"locationId\":\"us-central\"}","GCLOUD_PROJECT":"fir-project-96325"},"runtime":"nodejs16"},"versionId":"1","updateTime":"2022-05-11T20:36:52Z","buildId":"2c088f3c-7d22-45bd-ad80-cd3f69d77435","buildName":"projects/141188316365/locations/us-central1/builds/2c088f3c-7d22-45bd-ad80-cd3f69d77435"}}
[debug] [2022-05-11T20:37:33.190Z] <<< [apiv2][status] GET https://cloudfunctions.googleapis.com/v1/operations/ZmlyLXByb2plY3QtOTYzMjUvdXMtY2VudHJhbDEvYWRkTWVzc2FnZS81YlRYWmZsdER5cw 200
[debug] [2022-05-11T20:37:33.191Z] <<< [apiv2][body] GET https://cloudfunctions.googleapis.com/v1/operations/ZmlyLXByb2plY3QtOTYzMjUvdXMtY2VudHJhbDEvYWRkTWVzc2FnZS81YlRYWmZsdER5cw {"name":"operations/ZmlyLXByb2plY3QtOTYzMjUvdXMtY2VudHJhbDEvYWRkTWVzc2FnZS81YlRYWmZsdER5cw","metadata":{"@type":"type.googleapis.com/google.cloud.functions.v1.OperationMetadataV1","target":"projects/fir-project-96325/locations/us-central1/functions/addMessage","type":"UPDATE_FUNCTION","request":{"@type":"type.googleapis.com/google.cloud.functions.v1.CloudFunction","name":"projects/fir-project-96325/locations/us-central1/functions/addMessage","httpsTrigger":{"url":"https://us-central1-fir-project-96325.cloudfunctions.net/addMessage","securityLevel":"SECURE_ALWAYS"},"status":"ACTIVE","entryPoint":"addMessage","timeout":"60s","availableMemoryMb":256,"serviceAccountEmail":"fir-project-96325@appspot.gserviceaccount.com","updateTime":"2022-05-11T20:15:28.881Z","versionId":"1","labels":{"deployment-tool":"cli-firebase"},"sourceUploadUrl":"https://storage.googleapis.com/uploads-9885338523.us-central1.cloudfunctions.appspot.com/0939c704-596e-4a5b-9c5a-2b59e5e25ff3.zip?GoogleAccessId=service-141188316365@gcf-admin-robot.iam.gserviceaccount.com&Expires=1652303211&Signature=LRlykwINn%2Fo1plp05I5ShqJLE%2BwFklRYn5gbOVs36cs%2Be1saeM%2Fr7FtxV%2FwAAQiEw5UzhAFsoBawDoOrgVos0tTIAKUHxKa4YW8hoe1VCYm2bM4F030oBzjdLO3P0e1QtS0evgs4Z4xI0a494lxKepscrgbVHk3sOboi7%2FuaobJw6dJFnkg56k8GlSAOeQFPw57gPEcbMGNIqpA9D5n3evKGuPUGIQnRcBoc99au9FY4MkeD3IzNWg26cipXgnvbjJi8hh8cnTeVQMv%2BqG81qT9rTYKn8eHMkfv5HFJgdV2Nb%2F%2BgyJcww1%2BA7rwjBI%2Fv0GJDK4Y3z8JbMYFwD5ArwA%3D%3D","environmentVariables":{"FIREBASE_CONFIG":"{\"projectId\":\"fir-project-96325\",\"storageBucket\":\"fir-project-96325.appspot.com\",\"locationId\":\"us-central\"}","GCLOUD_PROJECT":"fir-project-96325"},"runtime":"nodejs16","ingressSettings":"ALLOW_ALL","buildId":"6dc90cdf-e710-4d7f-a57b-d972d909c8d4","buildName":"projects/141188316365/locations/us-central1/builds/6dc90cdf-e710-4d7f-a57b-d972d909c8d4","dockerRegistry":"CONTAINER_REGISTRY"},"versionId":"2","updateTime":"2022-05-11T20:36:52Z","buildId":"df1d63af-fe31-4ed8-a609-4235a79a19e5","buildName":"projects/141188316365/locations/us-central1/builds/df1d63af-fe31-4ed8-a609-4235a79a19e5"}}
[debug] [2022-05-11T20:37:43.080Z] [create-default-us-central1-makeUppercase] Retrying task index 0
[debug] [2022-05-11T20:37:43.081Z] >>> [apiv2][query] GET https://cloudfunctions.googleapis.com/v1/operations/ZmlyLXByb2plY3QtOTYzMjUvdXMtY2VudHJhbDEvbWFrZVVwcGVyY2FzZS9rcnByZnFWSzAxbw [none]
[debug] [2022-05-11T20:37:43.205Z] [update-default-us-central1-addMessage] Retrying task index 0
[debug] [2022-05-11T20:37:43.205Z] >>> [apiv2][query] GET https://cloudfunctions.googleapis.com/v1/operations/ZmlyLXByb2plY3QtOTYzMjUvdXMtY2VudHJhbDEvYWRkTWVzc2FnZS81YlRYWmZsdER5cw [none]
[debug] [2022-05-11T20:37:43.625Z] <<< [apiv2][status] GET https://cloudfunctions.googleapis.com/v1/operations/ZmlyLXByb2plY3QtOTYzMjUvdXMtY2VudHJhbDEvbWFrZVVwcGVyY2FzZS9rcnByZnFWSzAxbw 200
[debug] [2022-05-11T20:37:43.625Z] <<< [apiv2][body] GET https://cloudfunctions.googleapis.com/v1/operations/ZmlyLXByb2plY3QtOTYzMjUvdXMtY2VudHJhbDEvbWFrZVVwcGVyY2FzZS9rcnByZnFWSzAxbw {"name":"operations/ZmlyLXByb2plY3QtOTYzMjUvdXMtY2VudHJhbDEvbWFrZVVwcGVyY2FzZS9rcnByZnFWSzAxbw","metadata":{"@type":"type.googleapis.com/google.cloud.functions.v1.OperationMetadataV1","target":"projects/fir-project-96325/locations/us-central1/functions/makeUppercase","type":"CREATE_FUNCTION","request":{"@type":"type.googleapis.com/google.cloud.functions.v1.CloudFunction","name":"projects/fir-project-96325/locations/us-central1/functions/makeUppercase","eventTrigger":{"eventType":"providers/cloud.firestore/eventTypes/document.create","resource":"projects/fir-project-96325/databases/(default)/documents/messages/{documentId}"},"entryPoint":"makeUppercase","labels":{"deployment-tool":"cli-firebase"},"sourceUploadUrl":"https://storage.googleapis.com/uploads-9885338523.us-central1.cloudfunctions.appspot.com/0939c704-596e-4a5b-9c5a-2b59e5e25ff3.zip?GoogleAccessId=service-141188316365@gcf-admin-robot.iam.gserviceaccount.com&Expires=1652303211&Signature=LRlykwINn%2Fo1plp05I5ShqJLE%2BwFklRYn5gbOVs36cs%2Be1saeM%2Fr7FtxV%2FwAAQiEw5UzhAFsoBawDoOrgVos0tTIAKUHxKa4YW8hoe1VCYm2bM4F030oBzjdLO3P0e1QtS0evgs4Z4xI0a494lxKepscrgbVHk3sOboi7%2FuaobJw6dJFnkg56k8GlSAOeQFPw57gPEcbMGNIqpA9D5n3evKGuPUGIQnRcBoc99au9FY4MkeD3IzNWg26cipXgnvbjJi8hh8cnTeVQMv%2BqG81qT9rTYKn8eHMkfv5HFJgdV2Nb%2F%2BgyJcww1%2BA7rwjBI%2Fv0GJDK4Y3z8JbMYFwD5ArwA%3D%3D","environmentVariables":{"FIREBASE_CONFIG":"{\"projectId\":\"fir-project-96325\",\"storageBucket\":\"fir-project-96325.appspot.com\",\"locationId\":\"us-central\"}","GCLOUD_PROJECT":"fir-project-96325"},"runtime":"nodejs16"},"versionId":"1","updateTime":"2022-05-11T20:36:52Z","buildId":"2c088f3c-7d22-45bd-ad80-cd3f69d77435","buildName":"projects/141188316365/locations/us-central1/builds/2c088f3c-7d22-45bd-ad80-cd3f69d77435"}}
[debug] [2022-05-11T20:37:43.653Z] <<< [apiv2][status] GET https://cloudfunctions.googleapis.com/v1/operations/ZmlyLXByb2plY3QtOTYzMjUvdXMtY2VudHJhbDEvYWRkTWVzc2FnZS81YlRYWmZsdER5cw 200
[debug] [2022-05-11T20:37:43.653Z] <<< [apiv2][body] GET https://cloudfunctions.googleapis.com/v1/operations/ZmlyLXByb2plY3QtOTYzMjUvdXMtY2VudHJhbDEvYWRkTWVzc2FnZS81YlRYWmZsdER5cw {"name":"operations/ZmlyLXByb2plY3QtOTYzMjUvdXMtY2VudHJhbDEvYWRkTWVzc2FnZS81YlRYWmZsdER5cw","metadata":{"@type":"type.googleapis.com/google.cloud.functions.v1.OperationMetadataV1","target":"projects/fir-project-96325/locations/us-central1/functions/addMessage","type":"UPDATE_FUNCTION","request":{"@type":"type.googleapis.com/google.cloud.functions.v1.CloudFunction","name":"projects/fir-project-96325/locations/us-central1/functions/addMessage","httpsTrigger":{"url":"https://us-central1-fir-project-96325.cloudfunctions.net/addMessage","securityLevel":"SECURE_ALWAYS"},"status":"ACTIVE","entryPoint":"addMessage","timeout":"60s","availableMemoryMb":256,"serviceAccountEmail":"fir-project-96325@appspot.gserviceaccount.com","updateTime":"2022-05-11T20:15:28.881Z","versionId":"1","labels":{"deployment-tool":"cli-firebase"},"sourceUploadUrl":"https://storage.googleapis.com/uploads-9885338523.us-central1.cloudfunctions.appspot.com/0939c704-596e-4a5b-9c5a-2b59e5e25ff3.zip?GoogleAccessId=service-141188316365@gcf-admin-robot.iam.gserviceaccount.com&Expires=1652303211&Signature=LRlykwINn%2Fo1plp05I5ShqJLE%2BwFklRYn5gbOVs36cs%2Be1saeM%2Fr7FtxV%2FwAAQiEw5UzhAFsoBawDoOrgVos0tTIAKUHxKa4YW8hoe1VCYm2bM4F030oBzjdLO3P0e1QtS0evgs4Z4xI0a494lxKepscrgbVHk3sOboi7%2FuaobJw6dJFnkg56k8GlSAOeQFPw57gPEcbMGNIqpA9D5n3evKGuPUGIQnRcBoc99au9FY4MkeD3IzNWg26cipXgnvbjJi8hh8cnTeVQMv%2BqG81qT9rTYKn8eHMkfv5HFJgdV2Nb%2F%2BgyJcww1%2BA7rwjBI%2Fv0GJDK4Y3z8JbMYFwD5ArwA%3D%3D","environmentVariables":{"FIREBASE_CONFIG":"{\"projectId\":\"fir-project-96325\",\"storageBucket\":\"fir-project-96325.appspot.com\",\"locationId\":\"us-central\"}","GCLOUD_PROJECT":"fir-project-96325"},"runtime":"nodejs16","ingressSettings":"ALLOW_ALL","buildId":"6dc90cdf-e710-4d7f-a57b-d972d909c8d4","buildName":"projects/141188316365/locations/us-central1/builds/6dc90cdf-e710-4d7f-a57b-d972d909c8d4","dockerRegistry":"CONTAINER_REGISTRY"},"versionId":"2","updateTime":"2022-05-11T20:36:52Z","buildId":"df1d63af-fe31-4ed8-a609-4235a79a19e5","buildName":"projects/141188316365/locations/us-central1/builds/df1d63af-fe31-4ed8-a609-4235a79a19e5"}}
[debug] [2022-05-11T20:37:53.630Z] [create-default-us-central1-makeUppercase] Retrying task index 0
[debug] [2022-05-11T20:37:53.631Z] >>> [apiv2][query] GET https://cloudfunctions.googleapis.com/v1/operations/ZmlyLXByb2plY3QtOTYzMjUvdXMtY2VudHJhbDEvbWFrZVVwcGVyY2FzZS9rcnByZnFWSzAxbw [none]
[debug] [2022-05-11T20:37:53.653Z] [update-default-us-central1-addMessage] Retrying task index 0
[debug] [2022-05-11T20:37:53.653Z] >>> [apiv2][query] GET https://cloudfunctions.googleapis.com/v1/operations/ZmlyLXByb2plY3QtOTYzMjUvdXMtY2VudHJhbDEvYWRkTWVzc2FnZS81YlRYWmZsdER5cw [none]
[debug] [2022-05-11T20:37:54.020Z] <<< [apiv2][status] GET https://cloudfunctions.googleapis.com/v1/operations/ZmlyLXByb2plY3QtOTYzMjUvdXMtY2VudHJhbDEvbWFrZVVwcGVyY2FzZS9rcnByZnFWSzAxbw 200
[debug] [2022-05-11T20:37:54.020Z] <<< [apiv2][body] GET https://cloudfunctions.googleapis.com/v1/operations/ZmlyLXByb2plY3QtOTYzMjUvdXMtY2VudHJhbDEvbWFrZVVwcGVyY2FzZS9rcnByZnFWSzAxbw {"name":"operations/ZmlyLXByb2plY3QtOTYzMjUvdXMtY2VudHJhbDEvbWFrZVVwcGVyY2FzZS9rcnByZnFWSzAxbw","metadata":{"@type":"type.googleapis.com/google.cloud.functions.v1.OperationMetadataV1","target":"projects/fir-project-96325/locations/us-central1/functions/makeUppercase","type":"CREATE_FUNCTION","request":{"@type":"type.googleapis.com/google.cloud.functions.v1.CloudFunction","name":"projects/fir-project-96325/locations/us-central1/functions/makeUppercase","eventTrigger":{"eventType":"providers/cloud.firestore/eventTypes/document.create","resource":"projects/fir-project-96325/databases/(default)/documents/messages/{documentId}"},"entryPoint":"makeUppercase","labels":{"deployment-tool":"cli-firebase"},"sourceUploadUrl":"https://storage.googleapis.com/uploads-9885338523.us-central1.cloudfunctions.appspot.com/0939c704-596e-4a5b-9c5a-2b59e5e25ff3.zip?GoogleAccessId=service-141188316365@gcf-admin-robot.iam.gserviceaccount.com&Expires=1652303211&Signature=LRlykwINn%2Fo1plp05I5ShqJLE%2BwFklRYn5gbOVs36cs%2Be1saeM%2Fr7FtxV%2FwAAQiEw5UzhAFsoBawDoOrgVos0tTIAKUHxKa4YW8hoe1VCYm2bM4F030oBzjdLO3P0e1QtS0evgs4Z4xI0a494lxKepscrgbVHk3sOboi7%2FuaobJw6dJFnkg56k8GlSAOeQFPw57gPEcbMGNIqpA9D5n3evKGuPUGIQnRcBoc99au9FY4MkeD3IzNWg26cipXgnvbjJi8hh8cnTeVQMv%2BqG81qT9rTYKn8eHMkfv5HFJgdV2Nb%2F%2BgyJcww1%2BA7rwjBI%2Fv0GJDK4Y3z8JbMYFwD5ArwA%3D%3D","environmentVariables":{"FIREBASE_CONFIG":"{\"projectId\":\"fir-project-96325\",\"storageBucket\":\"fir-project-96325.appspot.com\",\"locationId\":\"us-central\"}","GCLOUD_PROJECT":"fir-project-96325"},"runtime":"nodejs16"},"versionId":"1","updateTime":"2022-05-11T20:36:52Z","buildId":"2c088f3c-7d22-45bd-ad80-cd3f69d77435","buildName":"projects/141188316365/locations/us-central1/builds/2c088f3c-7d22-45bd-ad80-cd3f69d77435"}}
[debug] [2022-05-11T20:37:54.144Z] <<< [apiv2][status] GET https://cloudfunctions.googleapis.com/v1/operations/ZmlyLXByb2plY3QtOTYzMjUvdXMtY2VudHJhbDEvYWRkTWVzc2FnZS81YlRYWmZsdER5cw 200
[debug] [2022-05-11T20:37:54.144Z] <<< [apiv2][body] GET https://cloudfunctions.googleapis.com/v1/operations/ZmlyLXByb2plY3QtOTYzMjUvdXMtY2VudHJhbDEvYWRkTWVzc2FnZS81YlRYWmZsdER5cw {"name":"operations/ZmlyLXByb2plY3QtOTYzMjUvdXMtY2VudHJhbDEvYWRkTWVzc2FnZS81YlRYWmZsdER5cw","metadata":{"@type":"type.googleapis.com/google.cloud.functions.v1.OperationMetadataV1","target":"projects/fir-project-96325/locations/us-central1/functions/addMessage","type":"UPDATE_FUNCTION","request":{"@type":"type.googleapis.com/google.cloud.functions.v1.CloudFunction","name":"projects/fir-project-96325/locations/us-central1/functions/addMessage","httpsTrigger":{"url":"https://us-central1-fir-project-96325.cloudfunctions.net/addMessage","securityLevel":"SECURE_ALWAYS"},"status":"ACTIVE","entryPoint":"addMessage","timeout":"60s","availableMemoryMb":256,"serviceAccountEmail":"fir-project-96325@appspot.gserviceaccount.com","updateTime":"2022-05-11T20:15:28.881Z","versionId":"1","labels":{"deployment-tool":"cli-firebase"},"sourceUploadUrl":"https://storage.googleapis.com/uploads-9885338523.us-central1.cloudfunctions.appspot.com/0939c704-596e-4a5b-9c5a-2b59e5e25ff3.zip?GoogleAccessId=service-141188316365@gcf-admin-robot.iam.gserviceaccount.com&Expires=1652303211&Signature=LRlykwINn%2Fo1plp05I5ShqJLE%2BwFklRYn5gbOVs36cs%2Be1saeM%2Fr7FtxV%2FwAAQiEw5UzhAFsoBawDoOrgVos0tTIAKUHxKa4YW8hoe1VCYm2bM4F030oBzjdLO3P0e1QtS0evgs4Z4xI0a494lxKepscrgbVHk3sOboi7%2FuaobJw6dJFnkg56k8GlSAOeQFPw57gPEcbMGNIqpA9D5n3evKGuPUGIQnRcBoc99au9FY4MkeD3IzNWg26cipXgnvbjJi8hh8cnTeVQMv%2BqG81qT9rTYKn8eHMkfv5HFJgdV2Nb%2F%2BgyJcww1%2BA7rwjBI%2Fv0GJDK4Y3z8JbMYFwD5ArwA%3D%3D","environmentVariables":{"FIREBASE_CONFIG":"{\"projectId\":\"fir-project-96325\",\"storageBucket\":\"fir-project-96325.appspot.com\",\"locationId\":\"us-central\"}","GCLOUD_PROJECT":"fir-project-96325"},"runtime":"nodejs16","ingressSettings":"ALLOW_ALL","buildId":"6dc90cdf-e710-4d7f-a57b-d972d909c8d4","buildName":"projects/141188316365/locations/us-central1/builds/6dc90cdf-e710-4d7f-a57b-d972d909c8d4","dockerRegistry":"CONTAINER_REGISTRY"},"versionId":"2","updateTime":"2022-05-11T20:36:52Z","buildId":"df1d63af-fe31-4ed8-a609-4235a79a19e5","buildName":"projects/141188316365/locations/us-central1/builds/df1d63af-fe31-4ed8-a609-4235a79a19e5"}}
[debug] [2022-05-11T20:38:04.033Z] [create-default-us-central1-makeUppercase] Retrying task index 0
[debug] [2022-05-11T20:38:04.034Z] >>> [apiv2][query] GET https://cloudfunctions.googleapis.com/v1/operations/ZmlyLXByb2plY3QtOTYzMjUvdXMtY2VudHJhbDEvbWFrZVVwcGVyY2FzZS9rcnByZnFWSzAxbw [none]
[debug] [2022-05-11T20:38:04.149Z] [update-default-us-central1-addMessage] Retrying task index 0
[debug] [2022-05-11T20:38:04.150Z] >>> [apiv2][query] GET https://cloudfunctions.googleapis.com/v1/operations/ZmlyLXByb2plY3QtOTYzMjUvdXMtY2VudHJhbDEvYWRkTWVzc2FnZS81YlRYWmZsdER5cw [none]
[debug] [2022-05-11T20:38:04.619Z] <<< [apiv2][status] GET https://cloudfunctions.googleapis.com/v1/operations/ZmlyLXByb2plY3QtOTYzMjUvdXMtY2VudHJhbDEvbWFrZVVwcGVyY2FzZS9rcnByZnFWSzAxbw 200
[debug] [2022-05-11T20:38:04.619Z] <<< [apiv2][body] GET https://cloudfunctions.googleapis.com/v1/operations/ZmlyLXByb2plY3QtOTYzMjUvdXMtY2VudHJhbDEvbWFrZVVwcGVyY2FzZS9rcnByZnFWSzAxbw {"name":"operations/ZmlyLXByb2plY3QtOTYzMjUvdXMtY2VudHJhbDEvbWFrZVVwcGVyY2FzZS9rcnByZnFWSzAxbw","metadata":{"@type":"type.googleapis.com/google.cloud.functions.v1.OperationMetadataV1","target":"projects/fir-project-96325/locations/us-central1/functions/makeUppercase","type":"CREATE_FUNCTION","request":{"@type":"type.googleapis.com/google.cloud.functions.v1.CloudFunction","name":"projects/fir-project-96325/locations/us-central1/functions/makeUppercase","eventTrigger":{"eventType":"providers/cloud.firestore/eventTypes/document.create","resource":"projects/fir-project-96325/databases/(default)/documents/messages/{documentId}"},"entryPoint":"makeUppercase","labels":{"deployment-tool":"cli-firebase"},"sourceUploadUrl":"https://storage.googleapis.com/uploads-9885338523.us-central1.cloudfunctions.appspot.com/0939c704-596e-4a5b-9c5a-2b59e5e25ff3.zip?GoogleAccessId=service-141188316365@gcf-admin-robot.iam.gserviceaccount.com&Expires=1652303211&Signature=LRlykwINn%2Fo1plp05I5ShqJLE%2BwFklRYn5gbOVs36cs%2Be1saeM%2Fr7FtxV%2FwAAQiEw5UzhAFsoBawDoOrgVos0tTIAKUHxKa4YW8hoe1VCYm2bM4F030oBzjdLO3P0e1QtS0evgs4Z4xI0a494lxKepscrgbVHk3sOboi7%2FuaobJw6dJFnkg56k8GlSAOeQFPw57gPEcbMGNIqpA9D5n3evKGuPUGIQnRcBoc99au9FY4MkeD3IzNWg26cipXgnvbjJi8hh8cnTeVQMv%2BqG81qT9rTYKn8eHMkfv5HFJgdV2Nb%2F%2BgyJcww1%2BA7rwjBI%2Fv0GJDK4Y3z8JbMYFwD5ArwA%3D%3D","environmentVariables":{"FIREBASE_CONFIG":"{\"projectId\":\"fir-project-96325\",\"storageBucket\":\"fir-project-96325.appspot.com\",\"locationId\":\"us-central\"}","GCLOUD_PROJECT":"fir-project-96325"},"runtime":"nodejs16"},"versionId":"1","updateTime":"2022-05-11T20:36:52Z","buildId":"2c088f3c-7d22-45bd-ad80-cd3f69d77435","buildName":"projects/141188316365/locations/us-central1/builds/2c088f3c-7d22-45bd-ad80-cd3f69d77435"}}
[debug] [2022-05-11T20:38:04.641Z] <<< [apiv2][status] GET https://cloudfunctions.googleapis.com/v1/operations/ZmlyLXByb2plY3QtOTYzMjUvdXMtY2VudHJhbDEvYWRkTWVzc2FnZS81YlRYWmZsdER5cw 200
[debug] [2022-05-11T20:38:04.641Z] <<< [apiv2][body] GET https://cloudfunctions.googleapis.com/v1/operations/ZmlyLXByb2plY3QtOTYzMjUvdXMtY2VudHJhbDEvYWRkTWVzc2FnZS81YlRYWmZsdER5cw {"name":"operations/ZmlyLXByb2plY3QtOTYzMjUvdXMtY2VudHJhbDEvYWRkTWVzc2FnZS81YlRYWmZsdER5cw","metadata":{"@type":"type.googleapis.com/google.cloud.functions.v1.OperationMetadataV1","target":"projects/fir-project-96325/locations/us-central1/functions/addMessage","type":"UPDATE_FUNCTION","request":{"@type":"type.googleapis.com/google.cloud.functions.v1.CloudFunction","name":"projects/fir-project-96325/locations/us-central1/functions/addMessage","httpsTrigger":{"url":"https://us-central1-fir-project-96325.cloudfunctions.net/addMessage","securityLevel":"SECURE_ALWAYS"},"status":"ACTIVE","entryPoint":"addMessage","timeout":"60s","availableMemoryMb":256,"serviceAccountEmail":"fir-project-96325@appspot.gserviceaccount.com","updateTime":"2022-05-11T20:15:28.881Z","versionId":"1","labels":{"deployment-tool":"cli-firebase"},"sourceUploadUrl":"https://storage.googleapis.com/uploads-9885338523.us-central1.cloudfunctions.appspot.com/0939c704-596e-4a5b-9c5a-2b59e5e25ff3.zip?GoogleAccessId=service-141188316365@gcf-admin-robot.iam.gserviceaccount.com&Expires=1652303211&Signature=LRlykwINn%2Fo1plp05I5ShqJLE%2BwFklRYn5gbOVs36cs%2Be1saeM%2Fr7FtxV%2FwAAQiEw5UzhAFsoBawDoOrgVos0tTIAKUHxKa4YW8hoe1VCYm2bM4F030oBzjdLO3P0e1QtS0evgs4Z4xI0a494lxKepscrgbVHk3sOboi7%2FuaobJw6dJFnkg56k8GlSAOeQFPw57gPEcbMGNIqpA9D5n3evKGuPUGIQnRcBoc99au9FY4MkeD3IzNWg26cipXgnvbjJi8hh8cnTeVQMv%2BqG81qT9rTYKn8eHMkfv5HFJgdV2Nb%2F%2BgyJcww1%2BA7rwjBI%2Fv0GJDK4Y3z8JbMYFwD5ArwA%3D%3D","environmentVariables":{"FIREBASE_CONFIG":"{\"projectId\":\"fir-project-96325\",\"storageBucket\":\"fir-project-96325.appspot.com\",\"locationId\":\"us-central\"}","GCLOUD_PROJECT":"fir-project-96325"},"runtime":"nodejs16","ingressSettings":"ALLOW_ALL","buildId":"6dc90cdf-e710-4d7f-a57b-d972d909c8d4","buildName":"projects/141188316365/locations/us-central1/builds/6dc90cdf-e710-4d7f-a57b-d972d909c8d4","dockerRegistry":"CONTAINER_REGISTRY"},"versionId":"2","updateTime":"2022-05-11T20:36:52Z","buildId":"df1d63af-fe31-4ed8-a609-4235a79a19e5","buildName":"projects/141188316365/locations/us-central1/builds/df1d63af-fe31-4ed8-a609-4235a79a19e5"}}
[debug] [2022-05-11T20:38:14.628Z] [create-default-us-central1-makeUppercase] Retrying task index 0
[debug] [2022-05-11T20:38:14.628Z] >>> [apiv2][query] GET https://cloudfunctions.googleapis.com/v1/operations/ZmlyLXByb2plY3QtOTYzMjUvdXMtY2VudHJhbDEvbWFrZVVwcGVyY2FzZS9rcnByZnFWSzAxbw [none]
[debug] [2022-05-11T20:38:14.644Z] [update-default-us-central1-addMessage] Retrying task index 0
[debug] [2022-05-11T20:38:14.644Z] >>> [apiv2][query] GET https://cloudfunctions.googleapis.com/v1/operations/ZmlyLXByb2plY3QtOTYzMjUvdXMtY2VudHJhbDEvYWRkTWVzc2FnZS81YlRYWmZsdER5cw [none]
[debug] [2022-05-11T20:38:15.065Z] <<< [apiv2][status] GET https://cloudfunctions.googleapis.com/v1/operations/ZmlyLXByb2plY3QtOTYzMjUvdXMtY2VudHJhbDEvbWFrZVVwcGVyY2FzZS9rcnByZnFWSzAxbw 200
[debug] [2022-05-11T20:38:15.065Z] <<< [apiv2][body] GET https://cloudfunctions.googleapis.com/v1/operations/ZmlyLXByb2plY3QtOTYzMjUvdXMtY2VudHJhbDEvbWFrZVVwcGVyY2FzZS9rcnByZnFWSzAxbw {"name":"operations/ZmlyLXByb2plY3QtOTYzMjUvdXMtY2VudHJhbDEvbWFrZVVwcGVyY2FzZS9rcnByZnFWSzAxbw","metadata":{"@type":"type.googleapis.com/google.cloud.functions.v1.OperationMetadataV1","target":"projects/fir-project-96325/locations/us-central1/functions/makeUppercase","type":"CREATE_FUNCTION","request":{"@type":"type.googleapis.com/google.cloud.functions.v1.CloudFunction","name":"projects/fir-project-96325/locations/us-central1/functions/makeUppercase","eventTrigger":{"eventType":"providers/cloud.firestore/eventTypes/document.create","resource":"projects/fir-project-96325/databases/(default)/documents/messages/{documentId}"},"entryPoint":"makeUppercase","labels":{"deployment-tool":"cli-firebase"},"sourceUploadUrl":"https://storage.googleapis.com/uploads-9885338523.us-central1.cloudfunctions.appspot.com/0939c704-596e-4a5b-9c5a-2b59e5e25ff3.zip?GoogleAccessId=service-141188316365@gcf-admin-robot.iam.gserviceaccount.com&Expires=1652303211&Signature=LRlykwINn%2Fo1plp05I5ShqJLE%2BwFklRYn5gbOVs36cs%2Be1saeM%2Fr7FtxV%2FwAAQiEw5UzhAFsoBawDoOrgVos0tTIAKUHxKa4YW8hoe1VCYm2bM4F030oBzjdLO3P0e1QtS0evgs4Z4xI0a494lxKepscrgbVHk3sOboi7%2FuaobJw6dJFnkg56k8GlSAOeQFPw57gPEcbMGNIqpA9D5n3evKGuPUGIQnRcBoc99au9FY4MkeD3IzNWg26cipXgnvbjJi8hh8cnTeVQMv%2BqG81qT9rTYKn8eHMkfv5HFJgdV2Nb%2F%2BgyJcww1%2BA7rwjBI%2Fv0GJDK4Y3z8JbMYFwD5ArwA%3D%3D","environmentVariables":{"FIREBASE_CONFIG":"{\"projectId\":\"fir-project-96325\",\"storageBucket\":\"fir-project-96325.appspot.com\",\"locationId\":\"us-central\"}","GCLOUD_PROJECT":"fir-project-96325"},"runtime":"nodejs16"},"versionId":"1","updateTime":"2022-05-11T20:36:52Z","buildId":"2c088f3c-7d22-45bd-ad80-cd3f69d77435","sourceToken":"ede78a79-4440-4e53-aede-b11883e8b5bf","buildName":"projects/141188316365/locations/us-central1/builds/2c088f3c-7d22-45bd-ad80-cd3f69d77435"}}
[debug] [2022-05-11T20:38:15.065Z] Got source token ede78a79-4440-4e53-aede-b11883e8b5bf for region us-central1
[debug] [2022-05-11T20:38:15.107Z] <<< [apiv2][status] GET https://cloudfunctions.googleapis.com/v1/operations/ZmlyLXByb2plY3QtOTYzMjUvdXMtY2VudHJhbDEvYWRkTWVzc2FnZS81YlRYWmZsdER5cw 200
[debug] [2022-05-11T20:38:15.107Z] <<< [apiv2][body] GET https://cloudfunctions.googleapis.com/v1/operations/ZmlyLXByb2plY3QtOTYzMjUvdXMtY2VudHJhbDEvYWRkTWVzc2FnZS81YlRYWmZsdER5cw {"name":"operations/ZmlyLXByb2plY3QtOTYzMjUvdXMtY2VudHJhbDEvYWRkTWVzc2FnZS81YlRYWmZsdER5cw","metadata":{"@type":"type.googleapis.com/google.cloud.functions.v1.OperationMetadataV1","target":"projects/fir-project-96325/locations/us-central1/functions/addMessage","type":"UPDATE_FUNCTION","request":{"@type":"type.googleapis.com/google.cloud.functions.v1.CloudFunction","name":"projects/fir-project-96325/locations/us-central1/functions/addMessage","httpsTrigger":{"url":"https://us-central1-fir-project-96325.cloudfunctions.net/addMessage","securityLevel":"SECURE_ALWAYS"},"status":"ACTIVE","entryPoint":"addMessage","timeout":"60s","availableMemoryMb":256,"serviceAccountEmail":"fir-project-96325@appspot.gserviceaccount.com","updateTime":"2022-05-11T20:15:28.881Z","versionId":"1","labels":{"deployment-tool":"cli-firebase"},"sourceUploadUrl":"https://storage.googleapis.com/uploads-9885338523.us-central1.cloudfunctions.appspot.com/0939c704-596e-4a5b-9c5a-2b59e5e25ff3.zip?GoogleAccessId=service-141188316365@gcf-admin-robot.iam.gserviceaccount.com&Expires=1652303211&Signature=LRlykwINn%2Fo1plp05I5ShqJLE%2BwFklRYn5gbOVs36cs%2Be1saeM%2Fr7FtxV%2FwAAQiEw5UzhAFsoBawDoOrgVos0tTIAKUHxKa4YW8hoe1VCYm2bM4F030oBzjdLO3P0e1QtS0evgs4Z4xI0a494lxKepscrgbVHk3sOboi7%2FuaobJw6dJFnkg56k8GlSAOeQFPw57gPEcbMGNIqpA9D5n3evKGuPUGIQnRcBoc99au9FY4MkeD3IzNWg26cipXgnvbjJi8hh8cnTeVQMv%2BqG81qT9rTYKn8eHMkfv5HFJgdV2Nb%2F%2BgyJcww1%2BA7rwjBI%2Fv0GJDK4Y3z8JbMYFwD5ArwA%3D%3D","environmentVariables":{"FIREBASE_CONFIG":"{\"projectId\":\"fir-project-96325\",\"storageBucket\":\"fir-project-96325.appspot.com\",\"locationId\":\"us-central\"}","GCLOUD_PROJECT":"fir-project-96325"},"runtime":"nodejs16","ingressSettings":"ALLOW_ALL","buildId":"6dc90cdf-e710-4d7f-a57b-d972d909c8d4","buildName":"projects/141188316365/locations/us-central1/builds/6dc90cdf-e710-4d7f-a57b-d972d909c8d4","dockerRegistry":"CONTAINER_REGISTRY"},"versionId":"2","updateTime":"2022-05-11T20:36:52Z","buildId":"df1d63af-fe31-4ed8-a609-4235a79a19e5","sourceToken":"3d31fa06-a4d7-44a2-a3a5-4b92734b1d06","buildName":"projects/141188316365/locations/us-central1/builds/df1d63af-fe31-4ed8-a609-4235a79a19e5"}}
[debug] [2022-05-11T20:38:15.107Z] Got source token 3d31fa06-a4d7-44a2-a3a5-4b92734b1d06 for region us-central1
[debug] [2022-05-11T20:38:25.068Z] [create-default-us-central1-makeUppercase] Retrying task index 0
[debug] [2022-05-11T20:38:25.069Z] >>> [apiv2][query] GET https://cloudfunctions.googleapis.com/v1/operations/ZmlyLXByb2plY3QtOTYzMjUvdXMtY2VudHJhbDEvbWFrZVVwcGVyY2FzZS9rcnByZnFWSzAxbw [none]
[debug] [2022-05-11T20:38:25.114Z] [update-default-us-central1-addMessage] Retrying task index 0
[debug] [2022-05-11T20:38:25.115Z] >>> [apiv2][query] GET https://cloudfunctions.googleapis.com/v1/operations/ZmlyLXByb2plY3QtOTYzMjUvdXMtY2VudHJhbDEvYWRkTWVzc2FnZS81YlRYWmZsdER5cw [none]
[debug] [2022-05-11T20:38:25.610Z] <<< [apiv2][status] GET https://cloudfunctions.googleapis.com/v1/operations/ZmlyLXByb2plY3QtOTYzMjUvdXMtY2VudHJhbDEvYWRkTWVzc2FnZS81YlRYWmZsdER5cw 200
[debug] [2022-05-11T20:38:25.611Z] <<< [apiv2][body] GET https://cloudfunctions.googleapis.com/v1/operations/ZmlyLXByb2plY3QtOTYzMjUvdXMtY2VudHJhbDEvYWRkTWVzc2FnZS81YlRYWmZsdER5cw {"name":"operations/ZmlyLXByb2plY3QtOTYzMjUvdXMtY2VudHJhbDEvYWRkTWVzc2FnZS81YlRYWmZsdER5cw","metadata":{"@type":"type.googleapis.com/google.cloud.functions.v1.OperationMetadataV1","target":"projects/fir-project-96325/locations/us-central1/functions/addMessage","type":"UPDATE_FUNCTION","request":{"@type":"type.googleapis.com/google.cloud.functions.v1.CloudFunction","name":"projects/fir-project-96325/locations/us-central1/functions/addMessage","httpsTrigger":{"url":"https://us-central1-fir-project-96325.cloudfunctions.net/addMessage","securityLevel":"SECURE_ALWAYS"},"status":"ACTIVE","entryPoint":"addMessage","timeout":"60s","availableMemoryMb":256,"serviceAccountEmail":"fir-project-96325@appspot.gserviceaccount.com","updateTime":"2022-05-11T20:15:28.881Z","versionId":"1","labels":{"deployment-tool":"cli-firebase"},"sourceUploadUrl":"https://storage.googleapis.com/uploads-9885338523.us-central1.cloudfunctions.appspot.com/0939c704-596e-4a5b-9c5a-2b59e5e25ff3.zip?GoogleAccessId=service-141188316365@gcf-admin-robot.iam.gserviceaccount.com&Expires=1652303211&Signature=LRlykwINn%2Fo1plp05I5ShqJLE%2BwFklRYn5gbOVs36cs%2Be1saeM%2Fr7FtxV%2FwAAQiEw5UzhAFsoBawDoOrgVos0tTIAKUHxKa4YW8hoe1VCYm2bM4F030oBzjdLO3P0e1QtS0evgs4Z4xI0a494lxKepscrgbVHk3sOboi7%2FuaobJw6dJFnkg56k8GlSAOeQFPw57gPEcbMGNIqpA9D5n3evKGuPUGIQnRcBoc99au9FY4MkeD3IzNWg26cipXgnvbjJi8hh8cnTeVQMv%2BqG81qT9rTYKn8eHMkfv5HFJgdV2Nb%2F%2BgyJcww1%2BA7rwjBI%2Fv0GJDK4Y3z8JbMYFwD5ArwA%3D%3D","environmentVariables":{"FIREBASE_CONFIG":"{\"projectId\":\"fir-project-96325\",\"storageBucket\":\"fir-project-96325.appspot.com\",\"locationId\":\"us-central\"}","GCLOUD_PROJECT":"fir-project-96325"},"runtime":"nodejs16","ingressSettings":"ALLOW_ALL","buildId":"6dc90cdf-e710-4d7f-a57b-d972d909c8d4","buildName":"projects/141188316365/locations/us-central1/builds/6dc90cdf-e710-4d7f-a57b-d972d909c8d4","dockerRegistry":"CONTAINER_REGISTRY"},"versionId":"2","updateTime":"2022-05-11T20:36:52Z","buildId":"df1d63af-fe31-4ed8-a609-4235a79a19e5","sourceToken":"3d31fa06-a4d7-44a2-a3a5-4b92734b1d06","buildName":"projects/141188316365/locations/us-central1/builds/df1d63af-fe31-4ed8-a609-4235a79a19e5"}}
[debug] [2022-05-11T20:38:25.611Z] Got source token 3d31fa06-a4d7-44a2-a3a5-4b92734b1d06 for region us-central1
[debug] [2022-05-11T20:38:25.611Z] <<< [apiv2][status] GET https://cloudfunctions.googleapis.com/v1/operations/ZmlyLXByb2plY3QtOTYzMjUvdXMtY2VudHJhbDEvbWFrZVVwcGVyY2FzZS9rcnByZnFWSzAxbw 200
[debug] [2022-05-11T20:38:25.611Z] <<< [apiv2][body] GET https://cloudfunctions.googleapis.com/v1/operations/ZmlyLXByb2plY3QtOTYzMjUvdXMtY2VudHJhbDEvbWFrZVVwcGVyY2FzZS9rcnByZnFWSzAxbw {"name":"operations/ZmlyLXByb2plY3QtOTYzMjUvdXMtY2VudHJhbDEvbWFrZVVwcGVyY2FzZS9rcnByZnFWSzAxbw","metadata":{"@type":"type.googleapis.com/google.cloud.functions.v1.OperationMetadataV1","target":"projects/fir-project-96325/locations/us-central1/functions/makeUppercase","type":"CREATE_FUNCTION","request":{"@type":"type.googleapis.com/google.cloud.functions.v1.CloudFunction","name":"projects/fir-project-96325/locations/us-central1/functions/makeUppercase","eventTrigger":{"eventType":"providers/cloud.firestore/eventTypes/document.create","resource":"projects/fir-project-96325/databases/(default)/documents/messages/{documentId}"},"entryPoint":"makeUppercase","labels":{"deployment-tool":"cli-firebase"},"sourceUploadUrl":"https://storage.googleapis.com/uploads-9885338523.us-central1.cloudfunctions.appspot.com/0939c704-596e-4a5b-9c5a-2b59e5e25ff3.zip?GoogleAccessId=service-141188316365@gcf-admin-robot.iam.gserviceaccount.com&Expires=1652303211&Signature=LRlykwINn%2Fo1plp05I5ShqJLE%2BwFklRYn5gbOVs36cs%2Be1saeM%2Fr7FtxV%2FwAAQiEw5UzhAFsoBawDoOrgVos0tTIAKUHxKa4YW8hoe1VCYm2bM4F030oBzjdLO3P0e1QtS0evgs4Z4xI0a494lxKepscrgbVHk3sOboi7%2FuaobJw6dJFnkg56k8GlSAOeQFPw57gPEcbMGNIqpA9D5n3evKGuPUGIQnRcBoc99au9FY4MkeD3IzNWg26cipXgnvbjJi8hh8cnTeVQMv%2BqG81qT9rTYKn8eHMkfv5HFJgdV2Nb%2F%2BgyJcww1%2BA7rwjBI%2Fv0GJDK4Y3z8JbMYFwD5ArwA%3D%3D","environmentVariables":{"FIREBASE_CONFIG":"{\"projectId\":\"fir-project-96325\",\"storageBucket\":\"fir-project-96325.appspot.com\",\"locationId\":\"us-central\"}","GCLOUD_PROJECT":"fir-project-96325"},"runtime":"nodejs16"},"versionId":"1","updateTime":"2022-05-11T20:38:21Z","buildId":"2c088f3c-7d22-45bd-ad80-cd3f69d77435","sourceToken":"ede78a79-4440-4e53-aede-b11883e8b5bf","buildName":"projects/141188316365/locations/us-central1/builds/2c088f3c-7d22-45bd-ad80-cd3f69d77435"},"done":true,"response":{"@type":"type.googleapis.com/google.cloud.functions.v1.CloudFunction","name":"projects/fir-project-96325/locations/us-central1/functions/makeUppercase","eventTrigger":{"eventType":"providers/cloud.firestore/eventTypes/document.create","resource":"projects/fir-project-96325/databases/(default)/documents/messages/{documentId}","service":"firestore.googleapis.com","failurePolicy":{}},"status":"ACTIVE","entryPoint":"makeUppercase","timeout":"60s","availableMemoryMb":256,"serviceAccountEmail":"fir-project-96325@appspot.gserviceaccount.com","updateTime":"2022-05-11T20:38:21.927Z","versionId":"1","labels":{"deployment-tool":"cli-firebase"},"sourceUploadUrl":"https://storage.googleapis.com/uploads-9885338523.us-central1.cloudfunctions.appspot.com/0939c704-596e-4a5b-9c5a-2b59e5e25ff3.zip","environmentVariables":{"FIREBASE_CONFIG":"{\"projectId\":\"fir-project-96325\",\"storageBucket\":\"fir-project-96325.appspot.com\",\"locationId\":\"us-central\"}","GCLOUD_PROJECT":"fir-project-96325"},"runtime":"nodejs16","ingressSettings":"ALLOW_ALL","buildId":"2c088f3c-7d22-45bd-ad80-cd3f69d77435","buildName":"projects/141188316365/locations/us-central1/builds/2c088f3c-7d22-45bd-ad80-cd3f69d77435","dockerRegistry":"CONTAINER_REGISTRY"}}
[debug] [2022-05-11T20:38:25.611Z] Got source token ede78a79-4440-4e53-aede-b11883e8b5bf for region us-central1
[info] +  functions[makeUppercase(us-central1)] Successful create operation. 
[debug] [2022-05-11T20:38:35.614Z] [update-default-us-central1-addMessage] Retrying task index 0
[debug] [2022-05-11T20:38:35.615Z] >>> [apiv2][query] GET https://cloudfunctions.googleapis.com/v1/operations/ZmlyLXByb2plY3QtOTYzMjUvdXMtY2VudHJhbDEvYWRkTWVzc2FnZS81YlRYWmZsdER5cw [none]
[debug] [2022-05-11T20:38:36.044Z] <<< [apiv2][status] GET https://cloudfunctions.googleapis.com/v1/operations/ZmlyLXByb2plY3QtOTYzMjUvdXMtY2VudHJhbDEvYWRkTWVzc2FnZS81YlRYWmZsdER5cw 200
[debug] [2022-05-11T20:38:36.044Z] <<< [apiv2][body] GET https://cloudfunctions.googleapis.com/v1/operations/ZmlyLXByb2plY3QtOTYzMjUvdXMtY2VudHJhbDEvYWRkTWVzc2FnZS81YlRYWmZsdER5cw {"name":"operations/ZmlyLXByb2plY3QtOTYzMjUvdXMtY2VudHJhbDEvYWRkTWVzc2FnZS81YlRYWmZsdER5cw","metadata":{"@type":"type.googleapis.com/google.cloud.functions.v1.OperationMetadataV1","target":"projects/fir-project-96325/locations/us-central1/functions/addMessage","type":"UPDATE_FUNCTION","request":{"@type":"type.googleapis.com/google.cloud.functions.v1.CloudFunction","name":"projects/fir-project-96325/locations/us-central1/functions/addMessage","httpsTrigger":{"url":"https://us-central1-fir-project-96325.cloudfunctions.net/addMessage","securityLevel":"SECURE_ALWAYS"},"status":"ACTIVE","entryPoint":"addMessage","timeout":"60s","availableMemoryMb":256,"serviceAccountEmail":"fir-project-96325@appspot.gserviceaccount.com","updateTime":"2022-05-11T20:15:28.881Z","versionId":"1","labels":{"deployment-tool":"cli-firebase"},"sourceUploadUrl":"https://storage.googleapis.com/uploads-9885338523.us-central1.cloudfunctions.appspot.com/0939c704-596e-4a5b-9c5a-2b59e5e25ff3.zip?GoogleAccessId=service-141188316365@gcf-admin-robot.iam.gserviceaccount.com&Expires=1652303211&Signature=LRlykwINn%2Fo1plp05I5ShqJLE%2BwFklRYn5gbOVs36cs%2Be1saeM%2Fr7FtxV%2FwAAQiEw5UzhAFsoBawDoOrgVos0tTIAKUHxKa4YW8hoe1VCYm2bM4F030oBzjdLO3P0e1QtS0evgs4Z4xI0a494lxKepscrgbVHk3sOboi7%2FuaobJw6dJFnkg56k8GlSAOeQFPw57gPEcbMGNIqpA9D5n3evKGuPUGIQnRcBoc99au9FY4MkeD3IzNWg26cipXgnvbjJi8hh8cnTeVQMv%2BqG81qT9rTYKn8eHMkfv5HFJgdV2Nb%2F%2BgyJcww1%2BA7rwjBI%2Fv0GJDK4Y3z8JbMYFwD5ArwA%3D%3D","environmentVariables":{"FIREBASE_CONFIG":"{\"projectId\":\"fir-project-96325\",\"storageBucket\":\"fir-project-96325.appspot.com\",\"locationId\":\"us-central\"}","GCLOUD_PROJECT":"fir-project-96325"},"runtime":"nodejs16","ingressSettings":"ALLOW_ALL","buildId":"6dc90cdf-e710-4d7f-a57b-d972d909c8d4","buildName":"projects/141188316365/locations/us-central1/builds/6dc90cdf-e710-4d7f-a57b-d972d909c8d4","dockerRegistry":"CONTAINER_REGISTRY"},"versionId":"2","updateTime":"2022-05-11T20:36:52Z","buildId":"df1d63af-fe31-4ed8-a609-4235a79a19e5","sourceToken":"3d31fa06-a4d7-44a2-a3a5-4b92734b1d06","buildName":"projects/141188316365/locations/us-central1/builds/df1d63af-fe31-4ed8-a609-4235a79a19e5"}}
[debug] [2022-05-11T20:38:36.044Z] Got source token 3d31fa06-a4d7-44a2-a3a5-4b92734b1d06 for region us-central1
[debug] [2022-05-11T20:38:46.055Z] [update-default-us-central1-addMessage] Retrying task index 0
[debug] [2022-05-11T20:38:46.055Z] >>> [apiv2][query] GET https://cloudfunctions.googleapis.com/v1/operations/ZmlyLXByb2plY3QtOTYzMjUvdXMtY2VudHJhbDEvYWRkTWVzc2FnZS81YlRYWmZsdER5cw [none]
[debug] [2022-05-11T20:38:46.501Z] <<< [apiv2][status] GET https://cloudfunctions.googleapis.com/v1/operations/ZmlyLXByb2plY3QtOTYzMjUvdXMtY2VudHJhbDEvYWRkTWVzc2FnZS81YlRYWmZsdER5cw 200
[debug] [2022-05-11T20:38:46.501Z] <<< [apiv2][body] GET https://cloudfunctions.googleapis.com/v1/operations/ZmlyLXByb2plY3QtOTYzMjUvdXMtY2VudHJhbDEvYWRkTWVzc2FnZS81YlRYWmZsdER5cw {"name":"operations/ZmlyLXByb2plY3QtOTYzMjUvdXMtY2VudHJhbDEvYWRkTWVzc2FnZS81YlRYWmZsdER5cw","metadata":{"@type":"type.googleapis.com/google.cloud.functions.v1.OperationMetadataV1","target":"projects/fir-project-96325/locations/us-central1/functions/addMessage","type":"UPDATE_FUNCTION","request":{"@type":"type.googleapis.com/google.cloud.functions.v1.CloudFunction","name":"projects/fir-project-96325/locations/us-central1/functions/addMessage","httpsTrigger":{"url":"https://us-central1-fir-project-96325.cloudfunctions.net/addMessage","securityLevel":"SECURE_ALWAYS"},"status":"ACTIVE","entryPoint":"addMessage","timeout":"60s","availableMemoryMb":256,"serviceAccountEmail":"fir-project-96325@appspot.gserviceaccount.com","updateTime":"2022-05-11T20:15:28.881Z","versionId":"1","labels":{"deployment-tool":"cli-firebase"},"sourceUploadUrl":"https://storage.googleapis.com/uploads-9885338523.us-central1.cloudfunctions.appspot.com/0939c704-596e-4a5b-9c5a-2b59e5e25ff3.zip?GoogleAccessId=service-141188316365@gcf-admin-robot.iam.gserviceaccount.com&Expires=1652303211&Signature=LRlykwINn%2Fo1plp05I5ShqJLE%2BwFklRYn5gbOVs36cs%2Be1saeM%2Fr7FtxV%2FwAAQiEw5UzhAFsoBawDoOrgVos0tTIAKUHxKa4YW8hoe1VCYm2bM4F030oBzjdLO3P0e1QtS0evgs4Z4xI0a494lxKepscrgbVHk3sOboi7%2FuaobJw6dJFnkg56k8GlSAOeQFPw57gPEcbMGNIqpA9D5n3evKGuPUGIQnRcBoc99au9FY4MkeD3IzNWg26cipXgnvbjJi8hh8cnTeVQMv%2BqG81qT9rTYKn8eHMkfv5HFJgdV2Nb%2F%2BgyJcww1%2BA7rwjBI%2Fv0GJDK4Y3z8JbMYFwD5ArwA%3D%3D","environmentVariables":{"FIREBASE_CONFIG":"{\"projectId\":\"fir-project-96325\",\"storageBucket\":\"fir-project-96325.appspot.com\",\"locationId\":\"us-central\"}","GCLOUD_PROJECT":"fir-project-96325"},"runtime":"nodejs16","ingressSettings":"ALLOW_ALL","buildId":"6dc90cdf-e710-4d7f-a57b-d972d909c8d4","buildName":"projects/141188316365/locations/us-central1/builds/6dc90cdf-e710-4d7f-a57b-d972d909c8d4","dockerRegistry":"CONTAINER_REGISTRY"},"versionId":"2","updateTime":"2022-05-11T20:36:52Z","buildId":"df1d63af-fe31-4ed8-a609-4235a79a19e5","sourceToken":"3d31fa06-a4d7-44a2-a3a5-4b92734b1d06","buildName":"projects/141188316365/locations/us-central1/builds/df1d63af-fe31-4ed8-a609-4235a79a19e5"}}
[debug] [2022-05-11T20:38:46.501Z] Got source token 3d31fa06-a4d7-44a2-a3a5-4b92734b1d06 for region us-central1
